[0.579s] Invoking command in '/home/lemar/ros2_ws/src/python_parameters': PYTHONPATH=/home/lemar/ros2_ws/build/python_parameters/prefix_override:/home/lemar/ros2_ws/install/python_parameters/lib/python3.10/site-packages:${PYTHONPATH} /usr/bin/python3 -W ignore:setup.py install is deprecated setup.py egg_info --egg-base ../../build/python_parameters build --build-base /home/lemar/ros2_ws/build/python_parameters/build install --record /home/lemar/ros2_ws/build/python_parameters/install.log --single-version-externally-managed install_data
[0.799s] running egg_info
[0.799s] creating ../../build/python_parameters/python_parameters.egg-info
[0.800s] writing ../../build/python_parameters/python_parameters.egg-info/PKG-INFO
[0.800s] writing dependency_links to ../../build/python_parameters/python_parameters.egg-info/dependency_links.txt
[0.800s] writing entry points to ../../build/python_parameters/python_parameters.egg-info/entry_points.txt
[0.800s] writing requirements to ../../build/python_parameters/python_parameters.egg-info/requires.txt
[0.800s] writing top-level names to ../../build/python_parameters/python_parameters.egg-info/top_level.txt
[0.801s] writing manifest file '../../build/python_parameters/python_parameters.egg-info/SOURCES.txt'
[0.801s] reading manifest file '../../build/python_parameters/python_parameters.egg-info/SOURCES.txt'
[0.801s] adding license file 'LICENSE'
[0.803s] writing manifest file '../../build/python_parameters/python_parameters.egg-info/SOURCES.txt'
[0.803s] running build
[0.803s] running build_py
[0.803s] creating /home/lemar/ros2_ws/build/python_parameters/build
[0.804s] creating /home/lemar/ros2_ws/build/python_parameters/build/lib
[0.804s] creating /home/lemar/ros2_ws/build/python_parameters/build/lib/python_parameters
[0.804s] copying python_parameters/__init__.py -> /home/lemar/ros2_ws/build/python_parameters/build/lib/python_parameters
[0.804s] copying python_parameters/python_parameters_node.py -> /home/lemar/ros2_ws/build/python_parameters/build/lib/python_parameters
[0.804s] running install
[0.804s] running install_lib
[0.804s] creating /home/lemar/ros2_ws/install/python_parameters/lib/python3.10/site-packages/python_parameters
[0.804s] copying /home/lemar/ros2_ws/build/python_parameters/build/lib/python_parameters/__init__.py -> /home/lemar/ros2_ws/install/python_parameters/lib/python3.10/site-packages/python_parameters
[0.804s] copying /home/lemar/ros2_ws/build/python_parameters/build/lib/python_parameters/python_parameters_node.py -> /home/lemar/ros2_ws/install/python_parameters/lib/python3.10/site-packages/python_parameters
[0.805s] byte-compiling /home/lemar/ros2_ws/install/python_parameters/lib/python3.10/site-packages/python_parameters/__init__.py to __init__.cpython-310.pyc
[0.805s] byte-compiling /home/lemar/ros2_ws/install/python_parameters/lib/python3.10/site-packages/python_parameters/python_parameters_node.py to python_parameters_node.cpython-310.pyc
[0.805s] running install_data
[0.805s] creating /home/lemar/ros2_ws/install/python_parameters/share/ament_index
[0.805s] creating /home/lemar/ros2_ws/install/python_parameters/share/ament_index/resource_index
[0.805s] creating /home/lemar/ros2_ws/install/python_parameters/share/ament_index/resource_index/packages
[0.805s] copying resource/python_parameters -> /home/lemar/ros2_ws/install/python_parameters/share/ament_index/resource_index/packages
[0.805s] copying package.xml -> /home/lemar/ros2_ws/install/python_parameters/share/python_parameters
[0.805s] running install_egg_info
[0.807s] Copying ../../build/python_parameters/python_parameters.egg-info to /home/lemar/ros2_ws/install/python_parameters/lib/python3.10/site-packages/python_parameters-0.0.0-py3.10.egg-info
[0.807s] running install_scripts
[0.823s] Installing minimal_param_node script to /home/lemar/ros2_ws/install/python_parameters/lib/python_parameters
[0.824s] writing list of installed files to '/home/lemar/ros2_ws/build/python_parameters/install.log'
[0.852s] Invoked command in '/home/lemar/ros2_ws/src/python_parameters' returned '0': PYTHONPATH=/home/lemar/ros2_ws/build/python_parameters/prefix_override:/home/lemar/ros2_ws/install/python_parameters/lib/python3.10/site-packages:${PYTHONPATH} /usr/bin/python3 -W ignore:setup.py install is deprecated setup.py egg_info --egg-base ../../build/python_parameters build --build-base /home/lemar/ros2_ws/build/python_parameters/build install --record /home/lemar/ros2_ws/build/python_parameters/install.log --single-version-externally-managed install_data
