[0.014s] Invoking command in '/home/lemar/ros2_ws/build/turtlesim': CMAKE_PREFIX_PATH=/opt/ros/humble /usr/bin/cmake /home/lemar/ros2_ws/src/ros_tutorials/turtlesim -DCMAKE_INSTALL_PREFIX=/home/lemar/ros2_ws/install/turtlesim
[0.112s] -- The C compiler identification is GNU 11.4.0
[0.196s] -- The CXX compiler identification is GNU 11.4.0
[0.204s] -- Detecting C compiler ABI info
[0.260s] -- Detecting C compiler ABI info - done
[0.266s] -- Check for working C compiler: /usr/bin/cc - skipped
[0.267s] -- Detecting C compile features
[0.267s] -- Detecting C compile features - done
[0.270s] -- Detecting CXX compiler ABI info
[0.341s] -- Detecting CXX compiler ABI info - done
[0.359s] -- Check for working CXX compiler: /usr/bin/c++ - skipped
[0.359s] -- Detecting CXX compile features
[0.360s] -- Detecting CXX compile features - done
[0.365s] -- Found ament_cmake: 1.3.8 (/opt/ros/humble/share/ament_cmake/cmake)
[0.621s] -- Found Python3: /usr/bin/python3 (found version "3.10.12") found components: Interpreter 
[0.751s] -- Found ament_index_cpp: 1.4.0 (/opt/ros/humble/share/ament_index_cpp/cmake)
[0.752s] -- Found geometry_msgs: 4.2.3 (/opt/ros/humble/share/geometry_msgs/cmake)
[0.778s] -- Found rosidl_generator_c: 3.1.5 (/opt/ros/humble/share/rosidl_generator_c/cmake)
[0.782s] -- Found rosidl_adapter: 3.1.5 (/opt/ros/humble/share/rosidl_adapter/cmake)
[0.788s] -- Found rosidl_generator_cpp: 3.1.5 (/opt/ros/humble/share/rosidl_generator_cpp/cmake)
[0.799s] -- Using all available rosidl_typesupport_c: rosidl_typesupport_fastrtps_c;rosidl_typesupport_introspection_c
[0.814s] -- Using all available rosidl_typesupport_cpp: rosidl_typesupport_fastrtps_cpp;rosidl_typesupport_introspection_cpp
[0.933s] -- Found rclcpp: 16.0.8 (/opt/ros/humble/share/rclcpp/cmake)
[0.979s] -- Found rmw_implementation_cmake: 6.1.1 (/opt/ros/humble/share/rmw_implementation_cmake/cmake)
[0.981s] -- Found rmw_fastrtps_cpp: 6.2.6 (/opt/ros/humble/share/rmw_fastrtps_cpp/cmake)
[1.073s] -- Found OpenSSL: /usr/lib/x86_64-linux-gnu/libcrypto.so (found version "3.0.2")  
[1.094s] -- Found FastRTPS: /opt/ros/humble/include  
[1.133s] -- Using RMW implementation 'rmw_fastrtps_cpp' as default
[1.141s] -- Looking for pthread.h
[1.204s] -- Looking for pthread.h - found
[1.204s] -- Performing Test CMAKE_HAVE_LIBC_PTHREAD
[1.260s] -- Performing Test CMAKE_HAVE_LIBC_PTHREAD - Success
[1.260s] -- Found Threads: TRUE  
[1.372s] -- Found rclcpp_action: 16.0.8 (/opt/ros/humble/share/rclcpp_action/cmake)
[1.453s] -- Found rosidl_default_generators: 1.2.0 (/opt/ros/humble/share/rosidl_default_generators/cmake)
[1.460s] -- Found std_srvs: 4.2.3 (/opt/ros/humble/share/std_srvs/cmake)
[1.886s] -- Found ament_cmake_ros: 0.10.0 (/opt/ros/humble/share/ament_cmake_ros/cmake)
[2.454s] -- Using all available rosidl_typesupport_c: rosidl_typesupport_fastrtps_c;rosidl_typesupport_introspection_c
[2.652s] -- Using all available rosidl_typesupport_cpp: rosidl_typesupport_fastrtps_cpp;rosidl_typesupport_introspection_cpp
[2.693s] -- Found PythonInterp: /usr/bin/python3 (found suitable version "3.10.12", minimum required is "3.6") 
[2.695s] -- Found python_cmake_module: 0.10.0 (/opt/ros/humble/share/python_cmake_module/cmake)
[2.745s] -- Found PythonLibs: /usr/lib/x86_64-linux-gnu/libpython3.10.so (found suitable version "3.10.12", minimum required is "3.5") 
[2.745s] -- Using PYTHON_EXECUTABLE: /usr/bin/python3
[2.745s] -- Using PYTHON_INCLUDE_DIRS: /usr/include/python3.10
[2.746s] -- Using PYTHON_LIBRARIES: /usr/lib/x86_64-linux-gnu/libpython3.10.so
[2.763s] -- Found PythonExtra: .so  
[2.871s] -- Configuring done
[2.936s] -- Generating done
[2.939s] -- Build files have been written to: /home/lemar/ros2_ws/build/turtlesim
[2.951s] Invoked command in '/home/lemar/ros2_ws/build/turtlesim' returned '0': CMAKE_PREFIX_PATH=/opt/ros/humble /usr/bin/cmake /home/lemar/ros2_ws/src/ros_tutorials/turtlesim -DCMAKE_INSTALL_PREFIX=/home/lemar/ros2_ws/install/turtlesim
[2.954s] Invoking command in '/home/lemar/ros2_ws/build/turtlesim': CMAKE_PREFIX_PATH=/opt/ros/humble /usr/bin/cmake --build /home/lemar/ros2_ws/build/turtlesim -- -j12 -l12
[3.005s] [  1%] [34m[1mGenerating C code for ROS interfaces[0m
[3.019s] [  2%] [34m[1mGenerating C++ code for ROS interfaces[0m
[3.030s] [  2%] Built target ament_cmake_python_copy_turtlesim
[3.260s] running egg_info
[3.262s] creating turtlesim.egg-info
[3.262s] writing turtlesim.egg-info/PKG-INFO
[3.262s] writing dependency_links to turtlesim.egg-info/dependency_links.txt
[3.262s] writing top-level names to turtlesim.egg-info/top_level.txt
[3.263s] writing manifest file 'turtlesim.egg-info/SOURCES.txt'
[3.264s] reading manifest file 'turtlesim.egg-info/SOURCES.txt'
[3.265s] writing manifest file 'turtlesim.egg-info/SOURCES.txt'
[3.295s] [  2%] Built target ament_cmake_python_build_turtlesim_egg
[3.749s] [  2%] Built target turtlesim__cpp
[3.757s] [  4%] [34m[1mGenerating C++ type support dispatch for ROS interfaces[0m
[3.757s] [  4%] [34m[1mGenerating C++ type support for eProsima Fast-RTPS[0m
[3.762s] [  5%] [34m[1mGenerating C++ introspection for ROS interfaces[0m
[3.823s] [  9%] [32mBuilding C object CMakeFiles/turtlesim__rosidl_generator_c.dir/rosidl_generator_c/turtlesim/srv/detail/teleport_absolute__functions.c.o[0m
[3.824s] [  9%] [32mBuilding C object CMakeFiles/turtlesim__rosidl_generator_c.dir/rosidl_generator_c/turtlesim/srv/detail/set_pen__functions.c.o[0m
[3.824s] [  9%] [32mBuilding C object CMakeFiles/turtlesim__rosidl_generator_c.dir/rosidl_generator_c/turtlesim/msg/detail/pose__functions.c.o[0m
[3.824s] [ 11%] [32mBuilding C object CMakeFiles/turtlesim__rosidl_generator_c.dir/rosidl_generator_c/turtlesim/msg/detail/color__functions.c.o[0m
[3.824s] [ 11%] [32mBuilding C object CMakeFiles/turtlesim__rosidl_generator_c.dir/rosidl_generator_c/turtlesim/srv/detail/kill__functions.c.o[0m
[3.824s] [ 11%] [32mBuilding C object CMakeFiles/turtlesim__rosidl_generator_c.dir/rosidl_generator_c/turtlesim/action/detail/rotate_absolute__functions.c.o[0m
[3.825s] [ 13%] [32mBuilding C object CMakeFiles/turtlesim__rosidl_generator_c.dir/rosidl_generator_c/turtlesim/srv/detail/teleport_relative__functions.c.o[0m
[3.825s] [ 13%] [32mBuilding C object CMakeFiles/turtlesim__rosidl_generator_c.dir/rosidl_generator_c/turtlesim/srv/detail/spawn__functions.c.o[0m
[3.956s] [ 14%] [32m[1mLinking C shared library libturtlesim__rosidl_generator_c.so[0m
[3.992s] [ 14%] Built target turtlesim__rosidl_generator_c
[3.999s] [ 16%] [34m[1mGenerating C type support dispatch for ROS interfaces[0m
[3.999s] [ 16%] [34m[1mGenerating C type support for eProsima Fast-RTPS[0m
[4.004s] [ 17%] [34m[1mGenerating C introspection for ROS interfaces[0m
[4.219s] [ 24%] [32mBuilding CXX object CMakeFiles/turtlesim__rosidl_typesupport_cpp.dir/rosidl_typesupport_cpp/turtlesim/srv/spawn__type_support.cpp.o[0m
[4.219s] [ 24%] [32mBuilding CXX object CMakeFiles/turtlesim__rosidl_typesupport_cpp.dir/rosidl_typesupport_cpp/turtlesim/srv/set_pen__type_support.cpp.o[0m
[4.219s] [ 24%] [32mBuilding CXX object CMakeFiles/turtlesim__rosidl_typesupport_cpp.dir/rosidl_typesupport_cpp/turtlesim/srv/kill__type_support.cpp.o[0m
[4.220s] [ 24%] [32mBuilding CXX object CMakeFiles/turtlesim__rosidl_typesupport_cpp.dir/rosidl_typesupport_cpp/turtlesim/msg/pose__type_support.cpp.o[0m
[4.220s] [ 24%] [32mBuilding CXX object CMakeFiles/turtlesim__rosidl_typesupport_cpp.dir/rosidl_typesupport_cpp/turtlesim/action/rotate_absolute__type_support.cpp.o[0m
[4.220s] [ 24%] [32mBuilding CXX object CMakeFiles/turtlesim__rosidl_typesupport_cpp.dir/rosidl_typesupport_cpp/turtlesim/msg/color__type_support.cpp.o[0m
[4.220s] [ 24%] [32mBuilding CXX object CMakeFiles/turtlesim__rosidl_typesupport_cpp.dir/rosidl_typesupport_cpp/turtlesim/srv/teleport_absolute__type_support.cpp.o[0m
[4.596s] [ 27%] [32mBuilding CXX object CMakeFiles/turtlesim__rosidl_typesupport_introspection_cpp.dir/rosidl_typesupport_introspection_cpp/turtlesim/action/detail/rotate_absolute__type_support.cpp.o[0m
[4.596s] [ 27%] [32mBuilding CXX object CMakeFiles/turtlesim__rosidl_typesupport_cpp.dir/rosidl_typesupport_cpp/turtlesim/srv/teleport_relative__type_support.cpp.o[0m
[4.596s] [ 27%] [32mBuilding CXX object CMakeFiles/turtlesim__rosidl_typesupport_introspection_cpp.dir/rosidl_typesupport_introspection_cpp/turtlesim/msg/detail/color__type_support.cpp.o[0m
[4.602s] [ 28%] [32mBuilding CXX object CMakeFiles/turtlesim__rosidl_typesupport_introspection_cpp.dir/rosidl_typesupport_introspection_cpp/turtlesim/msg/detail/pose__type_support.cpp.o[0m
[4.605s] [ 29%] [32mBuilding CXX object CMakeFiles/turtlesim__rosidl_typesupport_introspection_cpp.dir/rosidl_typesupport_introspection_cpp/turtlesim/srv/detail/kill__type_support.cpp.o[0m
[4.607s] [ 30%] [32mBuilding CXX object CMakeFiles/turtlesim__rosidl_typesupport_introspection_cpp.dir/rosidl_typesupport_introspection_cpp/turtlesim/srv/detail/set_pen__type_support.cpp.o[0m
[4.613s] [ 31%] [32mBuilding CXX object CMakeFiles/turtlesim__rosidl_typesupport_introspection_cpp.dir/rosidl_typesupport_introspection_cpp/turtlesim/srv/detail/spawn__type_support.cpp.o[0m
[4.626s] [ 32%] [32mBuilding CXX object CMakeFiles/turtlesim__rosidl_typesupport_c.dir/rosidl_typesupport_c/turtlesim/action/rotate_absolute__type_support.cpp.o[0m
[4.685s] [ 33%] [32mBuilding CXX object CMakeFiles/turtlesim__rosidl_typesupport_c.dir/rosidl_typesupport_c/turtlesim/msg/color__type_support.cpp.o[0m
[4.722s] [ 34%] [32mBuilding CXX object CMakeFiles/turtlesim__rosidl_typesupport_c.dir/rosidl_typesupport_c/turtlesim/msg/pose__type_support.cpp.o[0m
[4.766s] [ 35%] [32mBuilding CXX object CMakeFiles/turtlesim__rosidl_typesupport_c.dir/rosidl_typesupport_c/turtlesim/srv/kill__type_support.cpp.o[0m
[4.773s] [ 36%] [32mBuilding CXX object CMakeFiles/turtlesim__rosidl_typesupport_fastrtps_cpp.dir/rosidl_typesupport_fastrtps_cpp/turtlesim/action/detail/dds_fastrtps/rotate_absolute__type_support.cpp.o[0m
[4.807s] [ 37%] [32mBuilding CXX object CMakeFiles/turtlesim__rosidl_typesupport_c.dir/rosidl_typesupport_c/turtlesim/srv/set_pen__type_support.cpp.o[0m
[4.850s] [ 38%] [32mBuilding CXX object CMakeFiles/turtlesim__rosidl_typesupport_c.dir/rosidl_typesupport_c/turtlesim/srv/spawn__type_support.cpp.o[0m
[4.892s] [ 40%] [32mBuilding CXX object CMakeFiles/turtlesim__rosidl_typesupport_introspection_cpp.dir/rosidl_typesupport_introspection_cpp/turtlesim/srv/detail/teleport_absolute__type_support.cpp.o[0m
[4.892s] [ 40%] [32mBuilding CXX object CMakeFiles/turtlesim__rosidl_typesupport_c.dir/rosidl_typesupport_c/turtlesim/srv/teleport_absolute__type_support.cpp.o[0m
[4.933s] [ 41%] [32mBuilding CXX object CMakeFiles/turtlesim__rosidl_typesupport_c.dir/rosidl_typesupport_c/turtlesim/srv/teleport_relative__type_support.cpp.o[0m
[4.963s] [ 42%] [32m[1mLinking CXX shared library libturtlesim__rosidl_typesupport_cpp.so[0m
[4.972s] [ 43%] [32m[1mLinking CXX shared library libturtlesim__rosidl_typesupport_c.so[0m
[5.029s] [ 43%] Built target turtlesim__rosidl_typesupport_cpp
[5.041s] [ 43%] Built target turtlesim__rosidl_typesupport_c
[5.043s] [ 44%] [32mBuilding CXX object CMakeFiles/turtlesim__rosidl_typesupport_introspection_cpp.dir/rosidl_typesupport_introspection_cpp/turtlesim/srv/detail/teleport_relative__type_support.cpp.o[0m
[5.054s] [ 45%] [34m[1mGenerating include/turtlesim/moc_turtle_frame.cpp[0m
[5.093s] [ 46%] [32mBuilding CXX object CMakeFiles/turtlesim__rosidl_typesupport_fastrtps_c.dir/rosidl_typesupport_fastrtps_c/turtlesim/action/detail/rotate_absolute__type_support_c.cpp.o[0m
[5.099s] [ 47%] [32mBuilding CXX object CMakeFiles/turtle_teleop_key.dir/tutorials/teleop_turtle_key.cpp.o[0m
[5.101s] [ 49%] [32mBuilding CXX object CMakeFiles/draw_square.dir/tutorials/draw_square.cpp.o[0m
[5.101s] [ 49%] [32mBuilding C object CMakeFiles/turtlesim__rosidl_typesupport_introspection_c.dir/rosidl_typesupport_introspection_c/turtlesim/action/detail/rotate_absolute__type_support.c.o[0m
[5.105s] [ 50%] [32mBuilding CXX object CMakeFiles/turtlesim__rosidl_typesupport_fastrtps_cpp.dir/rosidl_typesupport_fastrtps_cpp/turtlesim/msg/detail/dds_fastrtps/color__type_support.cpp.o[0m
[5.142s] [ 51%] [32mBuilding C object CMakeFiles/turtlesim__rosidl_typesupport_introspection_c.dir/rosidl_typesupport_introspection_c/turtlesim/msg/detail/color__type_support.c.o[0m
[5.142s] [ 52%] [32mBuilding CXX object CMakeFiles/turtlesim__rosidl_typesupport_fastrtps_c.dir/rosidl_typesupport_fastrtps_c/turtlesim/msg/detail/color__type_support_c.cpp.o[0m
[5.151s] [ 53%] [32mBuilding CXX object CMakeFiles/turtlesim_node.dir/src/turtlesim.cpp.o[0m
[5.163s] [ 54%] [32mBuilding CXX object CMakeFiles/turtlesim_node.dir/src/turtle.cpp.o[0m
[5.180s] [ 55%] [32mBuilding C object CMakeFiles/turtlesim__rosidl_typesupport_introspection_c.dir/rosidl_typesupport_introspection_c/turtlesim/msg/detail/pose__type_support.c.o[0m
[5.219s] [ 56%] [32mBuilding C object CMakeFiles/turtlesim__rosidl_typesupport_introspection_c.dir/rosidl_typesupport_introspection_c/turtlesim/srv/detail/kill__type_support.c.o[0m
[5.270s] [ 57%] [32mBuilding C object CMakeFiles/turtlesim__rosidl_typesupport_introspection_c.dir/rosidl_typesupport_introspection_c/turtlesim/srv/detail/set_pen__type_support.c.o[0m
[5.317s] [ 58%] [32mBuilding C object CMakeFiles/turtlesim__rosidl_typesupport_introspection_c.dir/rosidl_typesupport_introspection_c/turtlesim/srv/detail/spawn__type_support.c.o[0m
[5.365s] [ 59%] [32mBuilding C object CMakeFiles/turtlesim__rosidl_typesupport_introspection_c.dir/rosidl_typesupport_introspection_c/turtlesim/srv/detail/teleport_absolute__type_support.c.o[0m
[5.383s] [ 60%] [32mBuilding CXX object CMakeFiles/turtlesim_node.dir/src/turtle_frame.cpp.o[0m
[5.404s] [ 61%] [32mBuilding CXX object CMakeFiles/turtlesim_node.dir/include/turtlesim/moc_turtle_frame.cpp.o[0m
[5.409s] [ 62%] [32mBuilding C object CMakeFiles/turtlesim__rosidl_typesupport_introspection_c.dir/rosidl_typesupport_introspection_c/turtlesim/srv/detail/teleport_relative__type_support.c.o[0m
[5.460s] [ 63%] [32m[1mLinking C shared library libturtlesim__rosidl_typesupport_introspection_c.so[0m
[5.503s] [ 63%] Built target turtlesim__rosidl_typesupport_introspection_c
[5.530s] [ 64%] [32mBuilding CXX object CMakeFiles/mimic.dir/tutorials/mimic.cpp.o[0m
[5.537s] [ 65%] [32mBuilding CXX object CMakeFiles/turtlesim__rosidl_typesupport_fastrtps_cpp.dir/rosidl_typesupport_fastrtps_cpp/turtlesim/msg/detail/dds_fastrtps/pose__type_support.cpp.o[0m
[5.553s] [ 66%] [32mBuilding CXX object CMakeFiles/turtlesim__rosidl_typesupport_fastrtps_c.dir/rosidl_typesupport_fastrtps_c/turtlesim/msg/detail/pose__type_support_c.cpp.o[0m
[5.557s] [ 67%] [32m[1mLinking CXX shared library libturtlesim__rosidl_typesupport_introspection_cpp.so[0m
[5.606s] [ 68%] [32mBuilding CXX object CMakeFiles/turtlesim__rosidl_typesupport_fastrtps_c.dir/rosidl_typesupport_fastrtps_c/turtlesim/srv/detail/kill__type_support_c.cpp.o[0m
[5.617s] [ 69%] [32mBuilding CXX object CMakeFiles/turtlesim__rosidl_typesupport_fastrtps_cpp.dir/rosidl_typesupport_fastrtps_cpp/turtlesim/srv/detail/dds_fastrtps/kill__type_support.cpp.o[0m
[5.716s] [ 69%] Built target turtlesim__rosidl_typesupport_introspection_cpp
[5.727s] [ 70%] [32mBuilding CXX object CMakeFiles/turtlesim__rosidl_typesupport_fastrtps_cpp.dir/rosidl_typesupport_fastrtps_cpp/turtlesim/srv/detail/dds_fastrtps/set_pen__type_support.cpp.o[0m
[5.984s] [ 71%] [32mBuilding CXX object CMakeFiles/turtlesim__rosidl_typesupport_fastrtps_c.dir/rosidl_typesupport_fastrtps_c/turtlesim/srv/detail/set_pen__type_support_c.cpp.o[0m
[6.034s] [ 72%] [32mBuilding CXX object CMakeFiles/turtlesim__rosidl_typesupport_fastrtps_cpp.dir/rosidl_typesupport_fastrtps_cpp/turtlesim/srv/detail/dds_fastrtps/spawn__type_support.cpp.o[0m
[6.087s] [ 73%] [32mBuilding CXX object CMakeFiles/turtlesim__rosidl_typesupport_fastrtps_c.dir/rosidl_typesupport_fastrtps_c/turtlesim/srv/detail/spawn__type_support_c.cpp.o[0m
[6.201s] [ 74%] [32mBuilding CXX object CMakeFiles/turtlesim__rosidl_typesupport_fastrtps_cpp.dir/rosidl_typesupport_fastrtps_cpp/turtlesim/srv/detail/dds_fastrtps/teleport_absolute__type_support.cpp.o[0m
[6.278s] [ 75%] [32mBuilding CXX object CMakeFiles/turtlesim__rosidl_typesupport_fastrtps_cpp.dir/rosidl_typesupport_fastrtps_cpp/turtlesim/srv/detail/dds_fastrtps/teleport_relative__type_support.cpp.o[0m
[6.451s] [ 76%] [32mBuilding CXX object CMakeFiles/turtlesim__rosidl_typesupport_fastrtps_c.dir/rosidl_typesupport_fastrtps_c/turtlesim/srv/detail/teleport_absolute__type_support_c.cpp.o[0m
[6.570s] [ 77%] [32mBuilding CXX object CMakeFiles/turtlesim__rosidl_typesupport_fastrtps_c.dir/rosidl_typesupport_fastrtps_c/turtlesim/srv/detail/teleport_relative__type_support_c.cpp.o[0m
[6.766s] [ 78%] [32m[1mLinking CXX shared library libturtlesim__rosidl_typesupport_fastrtps_cpp.so[0m
[6.886s] [ 78%] Built target turtlesim__rosidl_typesupport_fastrtps_cpp
[6.938s] [ 79%] [32m[1mLinking CXX shared library libturtlesim__rosidl_typesupport_fastrtps_c.so[0m
[7.050s] [ 79%] Built target turtlesim__rosidl_typesupport_fastrtps_c
[7.068s] [ 79%] Built target turtlesim
[7.086s] [ 80%] [34m[1mGenerating Python code for ROS interfaces[0m
[8.625s] [ 80%] Built target turtlesim__py
[8.645s] [ 82%] [32mBuilding C object CMakeFiles/turtlesim__rosidl_generator_py.dir/rosidl_generator_py/turtlesim/msg/_pose_s.c.o[0m
[8.645s] [ 82%] [32mBuilding C object CMakeFiles/turtlesim__rosidl_generator_py.dir/rosidl_generator_py/turtlesim/action/_rotate_absolute_s.c.o[0m
[8.645s] [ 84%] [32mBuilding C object CMakeFiles/turtlesim__rosidl_generator_py.dir/rosidl_generator_py/turtlesim/srv/_kill_s.c.o[0m
[8.645s] [ 84%] [32mBuilding C object CMakeFiles/turtlesim__rosidl_generator_py.dir/rosidl_generator_py/turtlesim/msg/_color_s.c.o[0m
[8.652s] [ 85%] [32mBuilding C object CMakeFiles/turtlesim__rosidl_generator_py.dir/rosidl_generator_py/turtlesim/srv/_set_pen_s.c.o[0m
[8.792s] [ 87%] [32mBuilding C object CMakeFiles/turtlesim__rosidl_generator_py.dir/rosidl_generator_py/turtlesim/srv/_spawn_s.c.o[0m
[8.792s] [ 87%] [32mBuilding C object CMakeFiles/turtlesim__rosidl_generator_py.dir/rosidl_generator_py/turtlesim/srv/_teleport_absolute_s.c.o[0m
[8.796s] [ 88%] [32mBuilding C object CMakeFiles/turtlesim__rosidl_generator_py.dir/rosidl_generator_py/turtlesim/srv/_teleport_relative_s.c.o[0m
[8.932s] [ 89%] [32m[1mLinking C shared library rosidl_generator_py/turtlesim/libturtlesim__rosidl_generator_py.so[0m
[8.981s] [ 89%] Built target turtlesim__rosidl_generator_py
[9.003s] [ 91%] [32mBuilding C object CMakeFiles/turtlesim__rosidl_typesupport_c__pyext.dir/rosidl_generator_py/turtlesim/_turtlesim_s.ep.rosidl_typesupport_c.c.o[0m
[9.003s] [ 91%] [32mBuilding C object CMakeFiles/turtlesim__rosidl_typesupport_fastrtps_c__pyext.dir/rosidl_generator_py/turtlesim/_turtlesim_s.ep.rosidl_typesupport_fastrtps_c.c.o[0m
[9.005s] [ 92%] [32mBuilding C object CMakeFiles/turtlesim__rosidl_typesupport_introspection_c__pyext.dir/rosidl_generator_py/turtlesim/_turtlesim_s.ep.rosidl_typesupport_introspection_c.c.o[0m
[9.157s] [ 93%] [32m[1mLinking C shared library rosidl_generator_py/turtlesim/turtlesim_s__rosidl_typesupport_c.cpython-310-x86_64-linux-gnu.so[0m
[9.196s] [ 93%] Built target turtlesim__rosidl_typesupport_c__pyext
[9.201s] [ 94%] [32m[1mLinking C shared library rosidl_generator_py/turtlesim/turtlesim_s__rosidl_typesupport_introspection_c.cpython-310-x86_64-linux-gnu.so[0m
[9.204s] [ 95%] [32m[1mLinking C shared library rosidl_generator_py/turtlesim/turtlesim_s__rosidl_typesupport_fastrtps_c.cpython-310-x86_64-linux-gnu.so[0m
[9.238s] [ 95%] Built target turtlesim__rosidl_typesupport_introspection_c__pyext
[9.251s] [ 95%] Built target turtlesim__rosidl_typesupport_fastrtps_c__pyext
[12.391s] [ 96%] [32m[1mLinking CXX executable turtle_teleop_key[0m
[12.674s] [ 96%] Built target turtle_teleop_key
[15.218s] [ 97%] [32m[1mLinking CXX executable mimic[0m
[15.574s] [ 98%] [32m[1mLinking CXX executable draw_square[0m
[15.778s] [ 98%] Built target mimic
[16.140s] [ 98%] Built target draw_square
[17.578s] [100%] [32m[1mLinking CXX executable turtlesim_node[0m
[19.867s] [100%] Built target turtlesim_node
[19.885s] Invoked command in '/home/lemar/ros2_ws/build/turtlesim' returned '0': CMAKE_PREFIX_PATH=/opt/ros/humble /usr/bin/cmake --build /home/lemar/ros2_ws/build/turtlesim -- -j12 -l12
[20.002s] Invoking command in '/home/lemar/ros2_ws/build/turtlesim': CMAKE_PREFIX_PATH=/opt/ros/humble /usr/bin/cmake --install /home/lemar/ros2_ws/build/turtlesim
[20.014s] -- Install configuration: ""
[20.014s] -- Installing: /home/lemar/ros2_ws/install/turtlesim/share/ament_index/resource_index/rosidl_interfaces/turtlesim
[20.014s] -- Installing: /home/lemar/ros2_ws/install/turtlesim/include/turtlesim/turtlesim
[20.015s] -- Installing: /home/lemar/ros2_ws/install/turtlesim/include/turtlesim/turtlesim/action
[20.015s] -- Installing: /home/lemar/ros2_ws/install/turtlesim/include/turtlesim/turtlesim/action/detail
[20.015s] -- Installing: /home/lemar/ros2_ws/install/turtlesim/include/turtlesim/turtlesim/action/detail/rotate_absolute__struct.h
[20.015s] -- Installing: /home/lemar/ros2_ws/install/turtlesim/include/turtlesim/turtlesim/action/detail/rotate_absolute__functions.h
[20.015s] -- Installing: /home/lemar/ros2_ws/install/turtlesim/include/turtlesim/turtlesim/action/detail/rotate_absolute__functions.c
[20.015s] -- Installing: /home/lemar/ros2_ws/install/turtlesim/include/turtlesim/turtlesim/action/detail/rotate_absolute__type_support.h
[20.015s] -- Installing: /home/lemar/ros2_ws/install/turtlesim/include/turtlesim/turtlesim/action/rotate_absolute.h
[20.016s] -- Installing: /home/lemar/ros2_ws/install/turtlesim/include/turtlesim/turtlesim/srv
[20.016s] -- Installing: /home/lemar/ros2_ws/install/turtlesim/include/turtlesim/turtlesim/srv/detail
[20.016s] -- Installing: /home/lemar/ros2_ws/install/turtlesim/include/turtlesim/turtlesim/srv/detail/teleport_relative__struct.h
[20.016s] -- Installing: /home/lemar/ros2_ws/install/turtlesim/include/turtlesim/turtlesim/srv/detail/set_pen__functions.h
[20.016s] -- Installing: /home/lemar/ros2_ws/install/turtlesim/include/turtlesim/turtlesim/srv/detail/set_pen__type_support.h
[20.016s] -- Installing: /home/lemar/ros2_ws/install/turtlesim/include/turtlesim/turtlesim/srv/detail/spawn__functions.h
[20.016s] -- Installing: /home/lemar/ros2_ws/install/turtlesim/include/turtlesim/turtlesim/srv/detail/kill__struct.h
[20.017s] -- Installing: /home/lemar/ros2_ws/install/turtlesim/include/turtlesim/turtlesim/srv/detail/spawn__type_support.h
[20.017s] -- Installing: /home/lemar/ros2_ws/install/turtlesim/include/turtlesim/turtlesim/srv/detail/kill__functions.h
[20.017s] -- Installing: /home/lemar/ros2_ws/install/turtlesim/include/turtlesim/turtlesim/srv/detail/spawn__struct.h
[20.017s] -- Installing: /home/lemar/ros2_ws/install/turtlesim/include/turtlesim/turtlesim/srv/detail/teleport_relative__type_support.h
[20.017s] -- Installing: /home/lemar/ros2_ws/install/turtlesim/include/turtlesim/turtlesim/srv/detail/teleport_absolute__functions.h
[20.017s] -- Installing: /home/lemar/ros2_ws/install/turtlesim/include/turtlesim/turtlesim/srv/detail/teleport_absolute__struct.h
[20.018s] -- Installing: /home/lemar/ros2_ws/install/turtlesim/include/turtlesim/turtlesim/srv/detail/kill__functions.c
[20.018s] -- Installing: /home/lemar/ros2_ws/install/turtlesim/include/turtlesim/turtlesim/srv/detail/teleport_relative__functions.h
[20.018s] -- Installing: /home/lemar/ros2_ws/install/turtlesim/include/turtlesim/turtlesim/srv/detail/teleport_relative__functions.c
[20.018s] -- Installing: /home/lemar/ros2_ws/install/turtlesim/include/turtlesim/turtlesim/srv/detail/spawn__functions.c
[20.018s] -- Installing: /home/lemar/ros2_ws/install/turtlesim/include/turtlesim/turtlesim/srv/detail/kill__type_support.h
[20.019s] -- Installing: /home/lemar/ros2_ws/install/turtlesim/include/turtlesim/turtlesim/srv/detail/teleport_absolute__type_support.h
[20.019s] -- Installing: /home/lemar/ros2_ws/install/turtlesim/include/turtlesim/turtlesim/srv/detail/teleport_absolute__functions.c
[20.019s] -- Installing: /home/lemar/ros2_ws/install/turtlesim/include/turtlesim/turtlesim/srv/detail/set_pen__functions.c
[20.019s] -- Installing: /home/lemar/ros2_ws/install/turtlesim/include/turtlesim/turtlesim/srv/detail/set_pen__struct.h
[20.019s] -- Installing: /home/lemar/ros2_ws/install/turtlesim/include/turtlesim/turtlesim/srv/spawn.h
[20.020s] -- Installing: /home/lemar/ros2_ws/install/turtlesim/include/turtlesim/turtlesim/srv/teleport_absolute.h
[20.020s] -- Installing: /home/lemar/ros2_ws/install/turtlesim/include/turtlesim/turtlesim/srv/set_pen.h
[20.020s] -- Installing: /home/lemar/ros2_ws/install/turtlesim/include/turtlesim/turtlesim/srv/teleport_relative.h
[20.020s] -- Installing: /home/lemar/ros2_ws/install/turtlesim/include/turtlesim/turtlesim/srv/kill.h
[20.020s] -- Installing: /home/lemar/ros2_ws/install/turtlesim/include/turtlesim/turtlesim/msg
[20.020s] -- Installing: /home/lemar/ros2_ws/install/turtlesim/include/turtlesim/turtlesim/msg/detail
[20.020s] -- Installing: /home/lemar/ros2_ws/install/turtlesim/include/turtlesim/turtlesim/msg/detail/color__functions.c
[20.021s] -- Installing: /home/lemar/ros2_ws/install/turtlesim/include/turtlesim/turtlesim/msg/detail/pose__struct.h
[20.021s] -- Installing: /home/lemar/ros2_ws/install/turtlesim/include/turtlesim/turtlesim/msg/detail/color__struct.h
[20.021s] -- Installing: /home/lemar/ros2_ws/install/turtlesim/include/turtlesim/turtlesim/msg/detail/pose__functions.h
[20.021s] -- Installing: /home/lemar/ros2_ws/install/turtlesim/include/turtlesim/turtlesim/msg/detail/color__functions.h
[20.021s] -- Installing: /home/lemar/ros2_ws/install/turtlesim/include/turtlesim/turtlesim/msg/detail/color__type_support.h
[20.021s] -- Installing: /home/lemar/ros2_ws/install/turtlesim/include/turtlesim/turtlesim/msg/detail/pose__type_support.h
[20.021s] -- Installing: /home/lemar/ros2_ws/install/turtlesim/include/turtlesim/turtlesim/msg/detail/pose__functions.c
[20.022s] -- Installing: /home/lemar/ros2_ws/install/turtlesim/include/turtlesim/turtlesim/msg/color.h
[20.022s] -- Installing: /home/lemar/ros2_ws/install/turtlesim/include/turtlesim/turtlesim/msg/pose.h
[20.022s] -- Installing: /home/lemar/ros2_ws/install/turtlesim/include/turtlesim/turtlesim/msg/rosidl_generator_c__visibility_control.h
[20.022s] -- Installing: /home/lemar/ros2_ws/install/turtlesim/share/turtlesim/environment/library_path.sh
[20.022s] -- Installing: /home/lemar/ros2_ws/install/turtlesim/share/turtlesim/environment/library_path.dsv
[20.023s] -- Installing: /home/lemar/ros2_ws/install/turtlesim/lib/libturtlesim__rosidl_generator_c.so
[20.024s] -- Set runtime path of "/home/lemar/ros2_ws/install/turtlesim/lib/libturtlesim__rosidl_generator_c.so" to ""
[20.024s] -- Up-to-date: /home/lemar/ros2_ws/install/turtlesim/include/turtlesim/turtlesim
[20.024s] -- Up-to-date: /home/lemar/ros2_ws/install/turtlesim/include/turtlesim/turtlesim/action
[20.024s] -- Up-to-date: /home/lemar/ros2_ws/install/turtlesim/include/turtlesim/turtlesim/action/detail
[20.025s] -- Installing: /home/lemar/ros2_ws/install/turtlesim/include/turtlesim/turtlesim/action/detail/rotate_absolute__rosidl_typesupport_fastrtps_c.h
[20.025s] -- Up-to-date: /home/lemar/ros2_ws/install/turtlesim/include/turtlesim/turtlesim/srv
[20.025s] -- Up-to-date: /home/lemar/ros2_ws/install/turtlesim/include/turtlesim/turtlesim/srv/detail
[20.025s] -- Installing: /home/lemar/ros2_ws/install/turtlesim/include/turtlesim/turtlesim/srv/detail/teleport_absolute__rosidl_typesupport_fastrtps_c.h
[20.025s] -- Installing: /home/lemar/ros2_ws/install/turtlesim/include/turtlesim/turtlesim/srv/detail/kill__rosidl_typesupport_fastrtps_c.h
[20.025s] -- Installing: /home/lemar/ros2_ws/install/turtlesim/include/turtlesim/turtlesim/srv/detail/teleport_relative__rosidl_typesupport_fastrtps_c.h
[20.025s] -- Installing: /home/lemar/ros2_ws/install/turtlesim/include/turtlesim/turtlesim/srv/detail/spawn__rosidl_typesupport_fastrtps_c.h
[20.025s] -- Installing: /home/lemar/ros2_ws/install/turtlesim/include/turtlesim/turtlesim/srv/detail/set_pen__rosidl_typesupport_fastrtps_c.h
[20.025s] -- Up-to-date: /home/lemar/ros2_ws/install/turtlesim/include/turtlesim/turtlesim/msg
[20.026s] -- Up-to-date: /home/lemar/ros2_ws/install/turtlesim/include/turtlesim/turtlesim/msg/detail
[20.026s] -- Installing: /home/lemar/ros2_ws/install/turtlesim/include/turtlesim/turtlesim/msg/detail/color__rosidl_typesupport_fastrtps_c.h
[20.026s] -- Installing: /home/lemar/ros2_ws/install/turtlesim/include/turtlesim/turtlesim/msg/detail/pose__rosidl_typesupport_fastrtps_c.h
[20.026s] -- Installing: /home/lemar/ros2_ws/install/turtlesim/include/turtlesim/turtlesim/msg/rosidl_typesupport_fastrtps_c__visibility_control.h
[20.026s] -- Installing: /home/lemar/ros2_ws/install/turtlesim/lib/libturtlesim__rosidl_typesupport_fastrtps_c.so
[20.026s] -- Set runtime path of "/home/lemar/ros2_ws/install/turtlesim/lib/libturtlesim__rosidl_typesupport_fastrtps_c.so" to ""
[20.027s] -- Up-to-date: /home/lemar/ros2_ws/install/turtlesim/include/turtlesim/turtlesim
[20.027s] -- Up-to-date: /home/lemar/ros2_ws/install/turtlesim/include/turtlesim/turtlesim/action
[20.027s] -- Up-to-date: /home/lemar/ros2_ws/install/turtlesim/include/turtlesim/turtlesim/action/detail
[20.027s] -- Installing: /home/lemar/ros2_ws/install/turtlesim/include/turtlesim/turtlesim/action/detail/rotate_absolute__builder.hpp
[20.027s] -- Installing: /home/lemar/ros2_ws/install/turtlesim/include/turtlesim/turtlesim/action/detail/rotate_absolute__traits.hpp
[20.027s] -- Installing: /home/lemar/ros2_ws/install/turtlesim/include/turtlesim/turtlesim/action/detail/rotate_absolute__struct.hpp
[20.027s] -- Installing: /home/lemar/ros2_ws/install/turtlesim/include/turtlesim/turtlesim/action/rotate_absolute.hpp
[20.027s] -- Up-to-date: /home/lemar/ros2_ws/install/turtlesim/include/turtlesim/turtlesim/srv
[20.027s] -- Up-to-date: /home/lemar/ros2_ws/install/turtlesim/include/turtlesim/turtlesim/srv/detail
[20.028s] -- Installing: /home/lemar/ros2_ws/install/turtlesim/include/turtlesim/turtlesim/srv/detail/spawn__struct.hpp
[20.028s] -- Installing: /home/lemar/ros2_ws/install/turtlesim/include/turtlesim/turtlesim/srv/detail/teleport_absolute__traits.hpp
[20.028s] -- Installing: /home/lemar/ros2_ws/install/turtlesim/include/turtlesim/turtlesim/srv/detail/teleport_absolute__struct.hpp
[20.028s] -- Installing: /home/lemar/ros2_ws/install/turtlesim/include/turtlesim/turtlesim/srv/detail/spawn__builder.hpp
[20.028s] -- Installing: /home/lemar/ros2_ws/install/turtlesim/include/turtlesim/turtlesim/srv/detail/set_pen__builder.hpp
[20.028s] -- Installing: /home/lemar/ros2_ws/install/turtlesim/include/turtlesim/turtlesim/srv/detail/teleport_relative__builder.hpp
[20.029s] -- Installing: /home/lemar/ros2_ws/install/turtlesim/include/turtlesim/turtlesim/srv/detail/set_pen__struct.hpp
[20.029s] -- Installing: /home/lemar/ros2_ws/install/turtlesim/include/turtlesim/turtlesim/srv/detail/teleport_absolute__builder.hpp
[20.029s] -- Installing: /home/lemar/ros2_ws/install/turtlesim/include/turtlesim/turtlesim/srv/detail/teleport_relative__traits.hpp
[20.029s] -- Installing: /home/lemar/ros2_ws/install/turtlesim/include/turtlesim/turtlesim/srv/detail/kill__traits.hpp
[20.029s] -- Installing: /home/lemar/ros2_ws/install/turtlesim/include/turtlesim/turtlesim/srv/detail/teleport_relative__struct.hpp
[20.029s] -- Installing: /home/lemar/ros2_ws/install/turtlesim/include/turtlesim/turtlesim/srv/detail/kill__builder.hpp
[20.030s] -- Installing: /home/lemar/ros2_ws/install/turtlesim/include/turtlesim/turtlesim/srv/detail/set_pen__traits.hpp
[20.030s] -- Installing: /home/lemar/ros2_ws/install/turtlesim/include/turtlesim/turtlesim/srv/detail/spawn__traits.hpp
[20.030s] -- Installing: /home/lemar/ros2_ws/install/turtlesim/include/turtlesim/turtlesim/srv/detail/kill__struct.hpp
[20.030s] -- Installing: /home/lemar/ros2_ws/install/turtlesim/include/turtlesim/turtlesim/srv/teleport_absolute.hpp
[20.030s] -- Installing: /home/lemar/ros2_ws/install/turtlesim/include/turtlesim/turtlesim/srv/spawn.hpp
[20.030s] -- Installing: /home/lemar/ros2_ws/install/turtlesim/include/turtlesim/turtlesim/srv/kill.hpp
[20.030s] -- Installing: /home/lemar/ros2_ws/install/turtlesim/include/turtlesim/turtlesim/srv/teleport_relative.hpp
[20.031s] -- Installing: /home/lemar/ros2_ws/install/turtlesim/include/turtlesim/turtlesim/srv/set_pen.hpp
[20.031s] -- Up-to-date: /home/lemar/ros2_ws/install/turtlesim/include/turtlesim/turtlesim/msg
[20.031s] -- Up-to-date: /home/lemar/ros2_ws/install/turtlesim/include/turtlesim/turtlesim/msg/detail
[20.031s] -- Installing: /home/lemar/ros2_ws/install/turtlesim/include/turtlesim/turtlesim/msg/detail/color__builder.hpp
[20.031s] -- Installing: /home/lemar/ros2_ws/install/turtlesim/include/turtlesim/turtlesim/msg/detail/pose__traits.hpp
[20.031s] -- Installing: /home/lemar/ros2_ws/install/turtlesim/include/turtlesim/turtlesim/msg/detail/pose__struct.hpp
[20.031s] -- Installing: /home/lemar/ros2_ws/install/turtlesim/include/turtlesim/turtlesim/msg/detail/color__traits.hpp
[20.031s] -- Installing: /home/lemar/ros2_ws/install/turtlesim/include/turtlesim/turtlesim/msg/detail/color__struct.hpp
[20.032s] -- Installing: /home/lemar/ros2_ws/install/turtlesim/include/turtlesim/turtlesim/msg/detail/pose__builder.hpp
[20.032s] -- Installing: /home/lemar/ros2_ws/install/turtlesim/include/turtlesim/turtlesim/msg/color.hpp
[20.032s] -- Installing: /home/lemar/ros2_ws/install/turtlesim/include/turtlesim/turtlesim/msg/pose.hpp
[20.032s] -- Up-to-date: /home/lemar/ros2_ws/install/turtlesim/include/turtlesim/turtlesim
[20.032s] -- Up-to-date: /home/lemar/ros2_ws/install/turtlesim/include/turtlesim/turtlesim/action
[20.032s] -- Up-to-date: /home/lemar/ros2_ws/install/turtlesim/include/turtlesim/turtlesim/action/detail
[20.032s] -- Installing: /home/lemar/ros2_ws/install/turtlesim/include/turtlesim/turtlesim/action/detail/rotate_absolute__rosidl_typesupport_fastrtps_cpp.hpp
[20.032s] -- Installing: /home/lemar/ros2_ws/install/turtlesim/include/turtlesim/turtlesim/action/detail/dds_fastrtps
[20.033s] -- Up-to-date: /home/lemar/ros2_ws/install/turtlesim/include/turtlesim/turtlesim/srv
[20.033s] -- Up-to-date: /home/lemar/ros2_ws/install/turtlesim/include/turtlesim/turtlesim/srv/detail
[20.033s] -- Installing: /home/lemar/ros2_ws/install/turtlesim/include/turtlesim/turtlesim/srv/detail/teleport_relative__rosidl_typesupport_fastrtps_cpp.hpp
[20.033s] -- Installing: /home/lemar/ros2_ws/install/turtlesim/include/turtlesim/turtlesim/srv/detail/kill__rosidl_typesupport_fastrtps_cpp.hpp
[20.033s] -- Installing: /home/lemar/ros2_ws/install/turtlesim/include/turtlesim/turtlesim/srv/detail/spawn__rosidl_typesupport_fastrtps_cpp.hpp
[20.033s] -- Installing: /home/lemar/ros2_ws/install/turtlesim/include/turtlesim/turtlesim/srv/detail/dds_fastrtps
[20.033s] -- Installing: /home/lemar/ros2_ws/install/turtlesim/include/turtlesim/turtlesim/srv/detail/teleport_absolute__rosidl_typesupport_fastrtps_cpp.hpp
[20.033s] -- Installing: /home/lemar/ros2_ws/install/turtlesim/include/turtlesim/turtlesim/srv/detail/set_pen__rosidl_typesupport_fastrtps_cpp.hpp
[20.033s] -- Up-to-date: /home/lemar/ros2_ws/install/turtlesim/include/turtlesim/turtlesim/msg
[20.034s] -- Up-to-date: /home/lemar/ros2_ws/install/turtlesim/include/turtlesim/turtlesim/msg/detail
[20.034s] -- Installing: /home/lemar/ros2_ws/install/turtlesim/include/turtlesim/turtlesim/msg/detail/color__rosidl_typesupport_fastrtps_cpp.hpp
[20.034s] -- Installing: /home/lemar/ros2_ws/install/turtlesim/include/turtlesim/turtlesim/msg/detail/dds_fastrtps
[20.034s] -- Installing: /home/lemar/ros2_ws/install/turtlesim/include/turtlesim/turtlesim/msg/detail/pose__rosidl_typesupport_fastrtps_cpp.hpp
[20.034s] -- Installing: /home/lemar/ros2_ws/install/turtlesim/include/turtlesim/turtlesim/msg/rosidl_typesupport_fastrtps_cpp__visibility_control.h
[20.034s] -- Installing: /home/lemar/ros2_ws/install/turtlesim/lib/libturtlesim__rosidl_typesupport_fastrtps_cpp.so
[20.035s] -- Set runtime path of "/home/lemar/ros2_ws/install/turtlesim/lib/libturtlesim__rosidl_typesupport_fastrtps_cpp.so" to ""
[20.035s] -- Up-to-date: /home/lemar/ros2_ws/install/turtlesim/include/turtlesim/turtlesim
[20.035s] -- Up-to-date: /home/lemar/ros2_ws/install/turtlesim/include/turtlesim/turtlesim/action
[20.035s] -- Up-to-date: /home/lemar/ros2_ws/install/turtlesim/include/turtlesim/turtlesim/action/detail
[20.035s] -- Installing: /home/lemar/ros2_ws/install/turtlesim/include/turtlesim/turtlesim/action/detail/rotate_absolute__type_support.c
[20.036s] -- Installing: /home/lemar/ros2_ws/install/turtlesim/include/turtlesim/turtlesim/action/detail/rotate_absolute__rosidl_typesupport_introspection_c.h
[20.036s] -- Up-to-date: /home/lemar/ros2_ws/install/turtlesim/include/turtlesim/turtlesim/srv
[20.036s] -- Up-to-date: /home/lemar/ros2_ws/install/turtlesim/include/turtlesim/turtlesim/srv/detail
[20.036s] -- Installing: /home/lemar/ros2_ws/install/turtlesim/include/turtlesim/turtlesim/srv/detail/set_pen__type_support.c
[20.036s] -- Installing: /home/lemar/ros2_ws/install/turtlesim/include/turtlesim/turtlesim/srv/detail/kill__type_support.c
[20.036s] -- Installing: /home/lemar/ros2_ws/install/turtlesim/include/turtlesim/turtlesim/srv/detail/set_pen__rosidl_typesupport_introspection_c.h
[20.036s] -- Installing: /home/lemar/ros2_ws/install/turtlesim/include/turtlesim/turtlesim/srv/detail/teleport_absolute__type_support.c
[20.036s] -- Installing: /home/lemar/ros2_ws/install/turtlesim/include/turtlesim/turtlesim/srv/detail/spawn__type_support.c
[20.037s] -- Installing: /home/lemar/ros2_ws/install/turtlesim/include/turtlesim/turtlesim/srv/detail/teleport_absolute__rosidl_typesupport_introspection_c.h
[20.037s] -- Installing: /home/lemar/ros2_ws/install/turtlesim/include/turtlesim/turtlesim/srv/detail/spawn__rosidl_typesupport_introspection_c.h
[20.037s] -- Installing: /home/lemar/ros2_ws/install/turtlesim/include/turtlesim/turtlesim/srv/detail/teleport_relative__type_support.c
[20.037s] -- Installing: /home/lemar/ros2_ws/install/turtlesim/include/turtlesim/turtlesim/srv/detail/kill__rosidl_typesupport_introspection_c.h
[20.038s] -- Installing: /home/lemar/ros2_ws/install/turtlesim/include/turtlesim/turtlesim/srv/detail/teleport_relative__rosidl_typesupport_introspection_c.h
[20.038s] -- Up-to-date: /home/lemar/ros2_ws/install/turtlesim/include/turtlesim/turtlesim/msg
[20.038s] -- Up-to-date: /home/lemar/ros2_ws/install/turtlesim/include/turtlesim/turtlesim/msg/detail
[20.038s] -- Installing: /home/lemar/ros2_ws/install/turtlesim/include/turtlesim/turtlesim/msg/detail/pose__rosidl_typesupport_introspection_c.h
[20.038s] -- Installing: /home/lemar/ros2_ws/install/turtlesim/include/turtlesim/turtlesim/msg/detail/color__rosidl_typesupport_introspection_c.h
[20.038s] -- Installing: /home/lemar/ros2_ws/install/turtlesim/include/turtlesim/turtlesim/msg/detail/color__type_support.c
[20.038s] -- Installing: /home/lemar/ros2_ws/install/turtlesim/include/turtlesim/turtlesim/msg/detail/pose__type_support.c
[20.039s] -- Installing: /home/lemar/ros2_ws/install/turtlesim/include/turtlesim/turtlesim/msg/rosidl_typesupport_introspection_c__visibility_control.h
[20.039s] -- Installing: /home/lemar/ros2_ws/install/turtlesim/lib/libturtlesim__rosidl_typesupport_introspection_c.so
[20.039s] -- Set runtime path of "/home/lemar/ros2_ws/install/turtlesim/lib/libturtlesim__rosidl_typesupport_introspection_c.so" to ""
[20.039s] -- Installing: /home/lemar/ros2_ws/install/turtlesim/lib/libturtlesim__rosidl_typesupport_c.so
[20.040s] -- Set runtime path of "/home/lemar/ros2_ws/install/turtlesim/lib/libturtlesim__rosidl_typesupport_c.so" to ""
[20.040s] -- Up-to-date: /home/lemar/ros2_ws/install/turtlesim/include/turtlesim/turtlesim
[20.040s] -- Up-to-date: /home/lemar/ros2_ws/install/turtlesim/include/turtlesim/turtlesim/action
[20.040s] -- Up-to-date: /home/lemar/ros2_ws/install/turtlesim/include/turtlesim/turtlesim/action/detail
[20.041s] -- Installing: /home/lemar/ros2_ws/install/turtlesim/include/turtlesim/turtlesim/action/detail/rotate_absolute__type_support.cpp
[20.041s] -- Installing: /home/lemar/ros2_ws/install/turtlesim/include/turtlesim/turtlesim/action/detail/rotate_absolute__rosidl_typesupport_introspection_cpp.hpp
[20.041s] -- Up-to-date: /home/lemar/ros2_ws/install/turtlesim/include/turtlesim/turtlesim/srv
[20.041s] -- Up-to-date: /home/lemar/ros2_ws/install/turtlesim/include/turtlesim/turtlesim/srv/detail
[20.041s] -- Installing: /home/lemar/ros2_ws/install/turtlesim/include/turtlesim/turtlesim/srv/detail/set_pen__type_support.cpp
[20.041s] -- Installing: /home/lemar/ros2_ws/install/turtlesim/include/turtlesim/turtlesim/srv/detail/teleport_absolute__rosidl_typesupport_introspection_cpp.hpp
[20.041s] -- Installing: /home/lemar/ros2_ws/install/turtlesim/include/turtlesim/turtlesim/srv/detail/teleport_absolute__type_support.cpp
[20.041s] -- Installing: /home/lemar/ros2_ws/install/turtlesim/include/turtlesim/turtlesim/srv/detail/set_pen__rosidl_typesupport_introspection_cpp.hpp
[20.042s] -- Installing: /home/lemar/ros2_ws/install/turtlesim/include/turtlesim/turtlesim/srv/detail/spawn__type_support.cpp
[20.042s] -- Installing: /home/lemar/ros2_ws/install/turtlesim/include/turtlesim/turtlesim/srv/detail/spawn__rosidl_typesupport_introspection_cpp.hpp
[20.042s] -- Installing: /home/lemar/ros2_ws/install/turtlesim/include/turtlesim/turtlesim/srv/detail/kill__type_support.cpp
[20.042s] -- Installing: /home/lemar/ros2_ws/install/turtlesim/include/turtlesim/turtlesim/srv/detail/teleport_relative__rosidl_typesupport_introspection_cpp.hpp
[20.042s] -- Installing: /home/lemar/ros2_ws/install/turtlesim/include/turtlesim/turtlesim/srv/detail/kill__rosidl_typesupport_introspection_cpp.hpp
[20.042s] -- Installing: /home/lemar/ros2_ws/install/turtlesim/include/turtlesim/turtlesim/srv/detail/teleport_relative__type_support.cpp
[20.043s] -- Up-to-date: /home/lemar/ros2_ws/install/turtlesim/include/turtlesim/turtlesim/msg
[20.043s] -- Up-to-date: /home/lemar/ros2_ws/install/turtlesim/include/turtlesim/turtlesim/msg/detail
[20.043s] -- Installing: /home/lemar/ros2_ws/install/turtlesim/include/turtlesim/turtlesim/msg/detail/color__type_support.cpp
[20.043s] -- Installing: /home/lemar/ros2_ws/install/turtlesim/include/turtlesim/turtlesim/msg/detail/pose__type_support.cpp
[20.043s] -- Installing: /home/lemar/ros2_ws/install/turtlesim/include/turtlesim/turtlesim/msg/detail/color__rosidl_typesupport_introspection_cpp.hpp
[20.043s] -- Installing: /home/lemar/ros2_ws/install/turtlesim/include/turtlesim/turtlesim/msg/detail/pose__rosidl_typesupport_introspection_cpp.hpp
[20.044s] -- Installing: /home/lemar/ros2_ws/install/turtlesim/lib/libturtlesim__rosidl_typesupport_introspection_cpp.so
[20.044s] -- Set runtime path of "/home/lemar/ros2_ws/install/turtlesim/lib/libturtlesim__rosidl_typesupport_introspection_cpp.so" to ""
[20.044s] -- Installing: /home/lemar/ros2_ws/install/turtlesim/lib/libturtlesim__rosidl_typesupport_cpp.so
[20.045s] -- Set runtime path of "/home/lemar/ros2_ws/install/turtlesim/lib/libturtlesim__rosidl_typesupport_cpp.so" to ""
[20.045s] -- Installing: /home/lemar/ros2_ws/install/turtlesim/share/turtlesim/environment/pythonpath.sh
[20.045s] -- Installing: /home/lemar/ros2_ws/install/turtlesim/share/turtlesim/environment/pythonpath.dsv
[20.046s] -- Installing: /home/lemar/ros2_ws/install/turtlesim/local/lib/python3.10/dist-packages/turtlesim-1.4.2-py3.10.egg-info
[20.046s] -- Installing: /home/lemar/ros2_ws/install/turtlesim/local/lib/python3.10/dist-packages/turtlesim-1.4.2-py3.10.egg-info/PKG-INFO
[20.046s] -- Installing: /home/lemar/ros2_ws/install/turtlesim/local/lib/python3.10/dist-packages/turtlesim-1.4.2-py3.10.egg-info/top_level.txt
[20.046s] -- Installing: /home/lemar/ros2_ws/install/turtlesim/local/lib/python3.10/dist-packages/turtlesim-1.4.2-py3.10.egg-info/dependency_links.txt
[20.046s] -- Installing: /home/lemar/ros2_ws/install/turtlesim/local/lib/python3.10/dist-packages/turtlesim-1.4.2-py3.10.egg-info/SOURCES.txt
[20.046s] -- Installing: /home/lemar/ros2_ws/install/turtlesim/local/lib/python3.10/dist-packages/turtlesim
[20.047s] -- Installing: /home/lemar/ros2_ws/install/turtlesim/local/lib/python3.10/dist-packages/turtlesim/action
[20.047s] -- Installing: /home/lemar/ros2_ws/install/turtlesim/local/lib/python3.10/dist-packages/turtlesim/action/__init__.py
[20.047s] -- Installing: /home/lemar/ros2_ws/install/turtlesim/local/lib/python3.10/dist-packages/turtlesim/action/_rotate_absolute.py
[20.047s] -- Installing: /home/lemar/ros2_ws/install/turtlesim/local/lib/python3.10/dist-packages/turtlesim/action/_rotate_absolute_s.c
[20.047s] -- Installing: /home/lemar/ros2_ws/install/turtlesim/local/lib/python3.10/dist-packages/turtlesim/__init__.py
[20.047s] -- Installing: /home/lemar/ros2_ws/install/turtlesim/local/lib/python3.10/dist-packages/turtlesim/libturtlesim__rosidl_generator_py.so
[20.048s] -- Installing: /home/lemar/ros2_ws/install/turtlesim/local/lib/python3.10/dist-packages/turtlesim/_turtlesim_s.ep.rosidl_typesupport_fastrtps_c.c
[20.048s] -- Installing: /home/lemar/ros2_ws/install/turtlesim/local/lib/python3.10/dist-packages/turtlesim/srv
[20.048s] -- Installing: /home/lemar/ros2_ws/install/turtlesim/local/lib/python3.10/dist-packages/turtlesim/srv/_set_pen.py
[20.049s] -- Installing: /home/lemar/ros2_ws/install/turtlesim/local/lib/python3.10/dist-packages/turtlesim/srv/_kill.py
[20.049s] -- Installing: /home/lemar/ros2_ws/install/turtlesim/local/lib/python3.10/dist-packages/turtlesim/srv/__init__.py
[20.049s] -- Installing: /home/lemar/ros2_ws/install/turtlesim/local/lib/python3.10/dist-packages/turtlesim/srv/_spawn_s.c
[20.049s] -- Installing: /home/lemar/ros2_ws/install/turtlesim/local/lib/python3.10/dist-packages/turtlesim/srv/_teleport_relative.py
[20.049s] -- Installing: /home/lemar/ros2_ws/install/turtlesim/local/lib/python3.10/dist-packages/turtlesim/srv/_teleport_absolute.py
[20.050s] -- Installing: /home/lemar/ros2_ws/install/turtlesim/local/lib/python3.10/dist-packages/turtlesim/srv/_kill_s.c
[20.050s] -- Installing: /home/lemar/ros2_ws/install/turtlesim/local/lib/python3.10/dist-packages/turtlesim/srv/_set_pen_s.c
[20.050s] -- Installing: /home/lemar/ros2_ws/install/turtlesim/local/lib/python3.10/dist-packages/turtlesim/srv/_teleport_relative_s.c
[20.050s] -- Installing: /home/lemar/ros2_ws/install/turtlesim/local/lib/python3.10/dist-packages/turtlesim/srv/_spawn.py
[20.050s] -- Installing: /home/lemar/ros2_ws/install/turtlesim/local/lib/python3.10/dist-packages/turtlesim/srv/_teleport_absolute_s.c
[20.050s] -- Installing: /home/lemar/ros2_ws/install/turtlesim/local/lib/python3.10/dist-packages/turtlesim/turtlesim_s__rosidl_typesupport_introspection_c.cpython-310-x86_64-linux-gnu.so
[20.051s] -- Installing: /home/lemar/ros2_ws/install/turtlesim/local/lib/python3.10/dist-packages/turtlesim/_turtlesim_s.ep.rosidl_typesupport_c.c
[20.051s] -- Installing: /home/lemar/ros2_ws/install/turtlesim/local/lib/python3.10/dist-packages/turtlesim/turtlesim_s__rosidl_typesupport_c.cpython-310-x86_64-linux-gnu.so
[20.051s] -- Installing: /home/lemar/ros2_ws/install/turtlesim/local/lib/python3.10/dist-packages/turtlesim/_turtlesim_s.ep.rosidl_typesupport_introspection_c.c
[20.052s] -- Installing: /home/lemar/ros2_ws/install/turtlesim/local/lib/python3.10/dist-packages/turtlesim/turtlesim_s__rosidl_typesupport_fastrtps_c.cpython-310-x86_64-linux-gnu.so
[20.052s] -- Installing: /home/lemar/ros2_ws/install/turtlesim/local/lib/python3.10/dist-packages/turtlesim/msg
[20.052s] -- Installing: /home/lemar/ros2_ws/install/turtlesim/local/lib/python3.10/dist-packages/turtlesim/msg/__init__.py
[20.052s] -- Installing: /home/lemar/ros2_ws/install/turtlesim/local/lib/python3.10/dist-packages/turtlesim/msg/_color_s.c
[20.053s] -- Installing: /home/lemar/ros2_ws/install/turtlesim/local/lib/python3.10/dist-packages/turtlesim/msg/_pose.py
[20.053s] -- Installing: /home/lemar/ros2_ws/install/turtlesim/local/lib/python3.10/dist-packages/turtlesim/msg/_pose_s.c
[20.053s] -- Installing: /home/lemar/ros2_ws/install/turtlesim/local/lib/python3.10/dist-packages/turtlesim/msg/_color.py
[20.137s] Listing '/home/lemar/ros2_ws/install/turtlesim/local/lib/python3.10/dist-packages/turtlesim'...
[20.138s] Compiling '/home/lemar/ros2_ws/install/turtlesim/local/lib/python3.10/dist-packages/turtlesim/__init__.py'...
[20.138s] Listing '/home/lemar/ros2_ws/install/turtlesim/local/lib/python3.10/dist-packages/turtlesim/action'...
[20.138s] Compiling '/home/lemar/ros2_ws/install/turtlesim/local/lib/python3.10/dist-packages/turtlesim/action/__init__.py'...
[20.138s] Compiling '/home/lemar/ros2_ws/install/turtlesim/local/lib/python3.10/dist-packages/turtlesim/action/_rotate_absolute.py'...
[20.138s] Listing '/home/lemar/ros2_ws/install/turtlesim/local/lib/python3.10/dist-packages/turtlesim/msg'...
[20.138s] Compiling '/home/lemar/ros2_ws/install/turtlesim/local/lib/python3.10/dist-packages/turtlesim/msg/__init__.py'...
[20.138s] Compiling '/home/lemar/ros2_ws/install/turtlesim/local/lib/python3.10/dist-packages/turtlesim/msg/_color.py'...
[20.139s] Compiling '/home/lemar/ros2_ws/install/turtlesim/local/lib/python3.10/dist-packages/turtlesim/msg/_pose.py'...
[20.139s] Listing '/home/lemar/ros2_ws/install/turtlesim/local/lib/python3.10/dist-packages/turtlesim/srv'...
[20.139s] Compiling '/home/lemar/ros2_ws/install/turtlesim/local/lib/python3.10/dist-packages/turtlesim/srv/__init__.py'...
[20.139s] Compiling '/home/lemar/ros2_ws/install/turtlesim/local/lib/python3.10/dist-packages/turtlesim/srv/_kill.py'...
[20.139s] Compiling '/home/lemar/ros2_ws/install/turtlesim/local/lib/python3.10/dist-packages/turtlesim/srv/_set_pen.py'...
[20.139s] Compiling '/home/lemar/ros2_ws/install/turtlesim/local/lib/python3.10/dist-packages/turtlesim/srv/_spawn.py'...
[20.139s] Compiling '/home/lemar/ros2_ws/install/turtlesim/local/lib/python3.10/dist-packages/turtlesim/srv/_teleport_absolute.py'...
[20.139s] Compiling '/home/lemar/ros2_ws/install/turtlesim/local/lib/python3.10/dist-packages/turtlesim/srv/_teleport_relative.py'...
[20.141s] -- Installing: /home/lemar/ros2_ws/install/turtlesim/local/lib/python3.10/dist-packages/turtlesim/turtlesim_s__rosidl_typesupport_fastrtps_c.cpython-310-x86_64-linux-gnu.so
[20.142s] -- Set runtime path of "/home/lemar/ros2_ws/install/turtlesim/local/lib/python3.10/dist-packages/turtlesim/turtlesim_s__rosidl_typesupport_fastrtps_c.cpython-310-x86_64-linux-gnu.so" to ""
[20.142s] -- Installing: /home/lemar/ros2_ws/install/turtlesim/local/lib/python3.10/dist-packages/turtlesim/turtlesim_s__rosidl_typesupport_introspection_c.cpython-310-x86_64-linux-gnu.so
[20.143s] -- Set runtime path of "/home/lemar/ros2_ws/install/turtlesim/local/lib/python3.10/dist-packages/turtlesim/turtlesim_s__rosidl_typesupport_introspection_c.cpython-310-x86_64-linux-gnu.so" to ""
[20.143s] -- Installing: /home/lemar/ros2_ws/install/turtlesim/local/lib/python3.10/dist-packages/turtlesim/turtlesim_s__rosidl_typesupport_c.cpython-310-x86_64-linux-gnu.so
[20.143s] -- Set runtime path of "/home/lemar/ros2_ws/install/turtlesim/local/lib/python3.10/dist-packages/turtlesim/turtlesim_s__rosidl_typesupport_c.cpython-310-x86_64-linux-gnu.so" to ""
[20.144s] -- Installing: /home/lemar/ros2_ws/install/turtlesim/lib/libturtlesim__rosidl_generator_py.so
[20.144s] -- Set runtime path of "/home/lemar/ros2_ws/install/turtlesim/lib/libturtlesim__rosidl_generator_py.so" to ""
[20.144s] -- Installing: /home/lemar/ros2_ws/install/turtlesim/share/turtlesim/action/RotateAbsolute.idl
[20.144s] -- Installing: /home/lemar/ros2_ws/install/turtlesim/share/turtlesim/msg/Color.idl
[20.144s] -- Installing: /home/lemar/ros2_ws/install/turtlesim/share/turtlesim/msg/Pose.idl
[20.145s] -- Installing: /home/lemar/ros2_ws/install/turtlesim/share/turtlesim/srv/Kill.idl
[20.145s] -- Installing: /home/lemar/ros2_ws/install/turtlesim/share/turtlesim/srv/SetPen.idl
[20.145s] -- Installing: /home/lemar/ros2_ws/install/turtlesim/share/turtlesim/srv/Spawn.idl
[20.145s] -- Installing: /home/lemar/ros2_ws/install/turtlesim/share/turtlesim/srv/TeleportAbsolute.idl
[20.145s] -- Installing: /home/lemar/ros2_ws/install/turtlesim/share/turtlesim/srv/TeleportRelative.idl
[20.145s] -- Installing: /home/lemar/ros2_ws/install/turtlesim/share/turtlesim/action/RotateAbsolute.action
[20.145s] -- Installing: /home/lemar/ros2_ws/install/turtlesim/share/turtlesim/msg/Color.msg
[20.146s] -- Installing: /home/lemar/ros2_ws/install/turtlesim/share/turtlesim/msg/Pose.msg
[20.146s] -- Installing: /home/lemar/ros2_ws/install/turtlesim/share/turtlesim/srv/Kill.srv
[20.146s] -- Installing: /home/lemar/ros2_ws/install/turtlesim/share/turtlesim/srv/Kill_Request.msg
[20.146s] -- Installing: /home/lemar/ros2_ws/install/turtlesim/share/turtlesim/srv/Kill_Response.msg
[20.146s] -- Installing: /home/lemar/ros2_ws/install/turtlesim/share/turtlesim/srv/SetPen.srv
[20.146s] -- Installing: /home/lemar/ros2_ws/install/turtlesim/share/turtlesim/srv/SetPen_Request.msg
[20.147s] -- Installing: /home/lemar/ros2_ws/install/turtlesim/share/turtlesim/srv/SetPen_Response.msg
[20.147s] -- Installing: /home/lemar/ros2_ws/install/turtlesim/share/turtlesim/srv/Spawn.srv
[20.147s] -- Installing: /home/lemar/ros2_ws/install/turtlesim/share/turtlesim/srv/Spawn_Request.msg
[20.147s] -- Installing: /home/lemar/ros2_ws/install/turtlesim/share/turtlesim/srv/Spawn_Response.msg
[20.147s] -- Installing: /home/lemar/ros2_ws/install/turtlesim/share/turtlesim/srv/TeleportAbsolute.srv
[20.147s] -- Installing: /home/lemar/ros2_ws/install/turtlesim/share/turtlesim/srv/TeleportAbsolute_Request.msg
[20.147s] -- Installing: /home/lemar/ros2_ws/install/turtlesim/share/turtlesim/srv/TeleportAbsolute_Response.msg
[20.147s] -- Installing: /home/lemar/ros2_ws/install/turtlesim/share/turtlesim/srv/TeleportRelative.srv
[20.148s] -- Installing: /home/lemar/ros2_ws/install/turtlesim/share/turtlesim/srv/TeleportRelative_Request.msg
[20.148s] -- Installing: /home/lemar/ros2_ws/install/turtlesim/share/turtlesim/srv/TeleportRelative_Response.msg
[20.148s] -- Installing: /home/lemar/ros2_ws/install/turtlesim/lib/turtlesim/turtlesim_node
[20.151s] -- Set runtime path of "/home/lemar/ros2_ws/install/turtlesim/lib/turtlesim/turtlesim_node" to ""
[20.151s] -- Installing: /home/lemar/ros2_ws/install/turtlesim/lib/turtlesim/turtle_teleop_key
[20.153s] -- Set runtime path of "/home/lemar/ros2_ws/install/turtlesim/lib/turtlesim/turtle_teleop_key" to ""
[20.153s] -- Installing: /home/lemar/ros2_ws/install/turtlesim/lib/turtlesim/draw_square
[20.156s] -- Set runtime path of "/home/lemar/ros2_ws/install/turtlesim/lib/turtlesim/draw_square" to ""
[20.156s] -- Installing: /home/lemar/ros2_ws/install/turtlesim/lib/turtlesim/mimic
[20.158s] -- Set runtime path of "/home/lemar/ros2_ws/install/turtlesim/lib/turtlesim/mimic" to ""
[20.158s] -- Installing: /home/lemar/ros2_ws/install/turtlesim/share/turtlesim/images
[20.158s] -- Installing: /home/lemar/ros2_ws/install/turtlesim/share/turtlesim/images/crystal.png
[20.159s] -- Installing: /home/lemar/ros2_ws/install/turtlesim/share/turtlesim/images/humble.png
[20.159s] -- Installing: /home/lemar/ros2_ws/install/turtlesim/share/turtlesim/images/galactic.png
[20.159s] -- Installing: /home/lemar/ros2_ws/install/turtlesim/share/turtlesim/images/foxy.png
[20.159s] -- Installing: /home/lemar/ros2_ws/install/turtlesim/share/turtlesim/images/ardent.png
[20.159s] -- Installing: /home/lemar/ros2_ws/install/turtlesim/share/turtlesim/images/dashing.png
[20.160s] -- Installing: /home/lemar/ros2_ws/install/turtlesim/share/turtlesim/images/rolling.png
[20.160s] -- Installing: /home/lemar/ros2_ws/install/turtlesim/share/turtlesim/images/eloquent.png
[20.160s] -- Installing: /home/lemar/ros2_ws/install/turtlesim/share/turtlesim/images/bouncy.png
[20.160s] -- Installing: /home/lemar/ros2_ws/install/turtlesim/share/turtlesim/launch
[20.160s] -- Installing: /home/lemar/ros2_ws/install/turtlesim/share/turtlesim/launch/multisim.launch.py
[20.160s] -- Installing: /home/lemar/ros2_ws/install/turtlesim/share/ament_index/resource_index/package_run_dependencies/turtlesim
[20.161s] -- Installing: /home/lemar/ros2_ws/install/turtlesim/share/ament_index/resource_index/parent_prefix_path/turtlesim
[20.161s] -- Installing: /home/lemar/ros2_ws/install/turtlesim/share/turtlesim/environment/ament_prefix_path.sh
[20.161s] -- Installing: /home/lemar/ros2_ws/install/turtlesim/share/turtlesim/environment/ament_prefix_path.dsv
[20.161s] -- Installing: /home/lemar/ros2_ws/install/turtlesim/share/turtlesim/environment/path.sh
[20.161s] -- Installing: /home/lemar/ros2_ws/install/turtlesim/share/turtlesim/environment/path.dsv
[20.161s] -- Installing: /home/lemar/ros2_ws/install/turtlesim/share/turtlesim/local_setup.bash
[20.162s] -- Installing: /home/lemar/ros2_ws/install/turtlesim/share/turtlesim/local_setup.sh
[20.162s] -- Installing: /home/lemar/ros2_ws/install/turtlesim/share/turtlesim/local_setup.zsh
[20.162s] -- Installing: /home/lemar/ros2_ws/install/turtlesim/share/turtlesim/local_setup.dsv
[20.162s] -- Installing: /home/lemar/ros2_ws/install/turtlesim/share/turtlesim/package.dsv
[20.162s] -- Installing: /home/lemar/ros2_ws/install/turtlesim/share/ament_index/resource_index/packages/turtlesim
[20.163s] -- Installing: /home/lemar/ros2_ws/install/turtlesim/share/turtlesim/cmake/export_turtlesim__rosidl_generator_cExport.cmake
[20.163s] -- Installing: /home/lemar/ros2_ws/install/turtlesim/share/turtlesim/cmake/export_turtlesim__rosidl_generator_cExport-noconfig.cmake
[20.163s] -- Installing: /home/lemar/ros2_ws/install/turtlesim/share/turtlesim/cmake/export_turtlesim__rosidl_typesupport_fastrtps_cExport.cmake
[20.163s] -- Installing: /home/lemar/ros2_ws/install/turtlesim/share/turtlesim/cmake/export_turtlesim__rosidl_typesupport_fastrtps_cExport-noconfig.cmake
[20.163s] -- Installing: /home/lemar/ros2_ws/install/turtlesim/share/turtlesim/cmake/export_turtlesim__rosidl_generator_cppExport.cmake
[20.163s] -- Installing: /home/lemar/ros2_ws/install/turtlesim/share/turtlesim/cmake/export_turtlesim__rosidl_typesupport_fastrtps_cppExport.cmake
[20.164s] -- Installing: /home/lemar/ros2_ws/install/turtlesim/share/turtlesim/cmake/export_turtlesim__rosidl_typesupport_fastrtps_cppExport-noconfig.cmake
[20.164s] -- Installing: /home/lemar/ros2_ws/install/turtlesim/share/turtlesim/cmake/turtlesim__rosidl_typesupport_introspection_cExport.cmake
[20.164s] -- Installing: /home/lemar/ros2_ws/install/turtlesim/share/turtlesim/cmake/turtlesim__rosidl_typesupport_introspection_cExport-noconfig.cmake
[20.164s] -- Installing: /home/lemar/ros2_ws/install/turtlesim/share/turtlesim/cmake/turtlesim__rosidl_typesupport_cExport.cmake
[20.164s] -- Installing: /home/lemar/ros2_ws/install/turtlesim/share/turtlesim/cmake/turtlesim__rosidl_typesupport_cExport-noconfig.cmake
[20.165s] -- Installing: /home/lemar/ros2_ws/install/turtlesim/share/turtlesim/cmake/turtlesim__rosidl_typesupport_introspection_cppExport.cmake
[20.165s] -- Installing: /home/lemar/ros2_ws/install/turtlesim/share/turtlesim/cmake/turtlesim__rosidl_typesupport_introspection_cppExport-noconfig.cmake
[20.165s] -- Installing: /home/lemar/ros2_ws/install/turtlesim/share/turtlesim/cmake/turtlesim__rosidl_typesupport_cppExport.cmake
[20.165s] -- Installing: /home/lemar/ros2_ws/install/turtlesim/share/turtlesim/cmake/turtlesim__rosidl_typesupport_cppExport-noconfig.cmake
[20.165s] -- Installing: /home/lemar/ros2_ws/install/turtlesim/share/turtlesim/cmake/export_turtlesim__rosidl_generator_pyExport.cmake
[20.165s] -- Installing: /home/lemar/ros2_ws/install/turtlesim/share/turtlesim/cmake/export_turtlesim__rosidl_generator_pyExport-noconfig.cmake
[20.165s] -- Installing: /home/lemar/ros2_ws/install/turtlesim/share/turtlesim/cmake/rosidl_cmake-extras.cmake
[20.166s] -- Installing: /home/lemar/ros2_ws/install/turtlesim/share/turtlesim/cmake/ament_cmake_export_dependencies-extras.cmake
[20.166s] -- Installing: /home/lemar/ros2_ws/install/turtlesim/share/turtlesim/cmake/ament_cmake_export_include_directories-extras.cmake
[20.166s] -- Installing: /home/lemar/ros2_ws/install/turtlesim/share/turtlesim/cmake/ament_cmake_export_libraries-extras.cmake
[20.166s] -- Installing: /home/lemar/ros2_ws/install/turtlesim/share/turtlesim/cmake/ament_cmake_export_targets-extras.cmake
[20.166s] -- Installing: /home/lemar/ros2_ws/install/turtlesim/share/turtlesim/cmake/rosidl_cmake_export_typesupport_targets-extras.cmake
[20.166s] -- Installing: /home/lemar/ros2_ws/install/turtlesim/share/turtlesim/cmake/rosidl_cmake_export_typesupport_libraries-extras.cmake
[20.166s] -- Installing: /home/lemar/ros2_ws/install/turtlesim/share/turtlesim/cmake/turtlesimConfig.cmake
[20.166s] -- Installing: /home/lemar/ros2_ws/install/turtlesim/share/turtlesim/cmake/turtlesimConfig-version.cmake
[20.167s] -- Installing: /home/lemar/ros2_ws/install/turtlesim/share/turtlesim/package.xml
[20.168s] Invoked command in '/home/lemar/ros2_ws/build/turtlesim' returned '0': CMAKE_PREFIX_PATH=/opt/ros/humble /usr/bin/cmake --install /home/lemar/ros2_ws/build/turtlesim
