[0.015s] Invoking command in '/home/lemar/ros2_ws/build/introtask': CMAKE_PREFIX_PATH=${CMAKE_PREFIX_PATH}:/home/lemar/ros2_ws/install/python_parameters:/home/lemar/ros2_ws/install/py_srvcli:/home/lemar/ros2_ws/install/py_pubsub:/opt/ros/humble /usr/bin/cmake --build /home/lemar/ros2_ws/build/introtask -- -j12 -l12
[0.045s] -- Found ament_cmake: 1.3.8 (/opt/ros/humble/share/ament_cmake/cmake)
[0.176s] -- Found rclcpp: 16.0.8 (/opt/ros/humble/share/rclcpp/cmake)
[0.242s] -- Found rosidl_generator_c: 3.1.5 (/opt/ros/humble/share/rosidl_generator_c/cmake)
[0.244s] -- Found rosidl_adapter: 3.1.5 (/opt/ros/humble/share/rosidl_adapter/cmake)
[0.249s] -- Found rosidl_generator_cpp: 3.1.5 (/opt/ros/humble/share/rosidl_generator_cpp/cmake)
[0.259s] -- Using all available rosidl_typesupport_c: rosidl_typesupport_fastrtps_c;rosidl_typesupport_introspection_c
[0.273s] -- Using all available rosidl_typesupport_cpp: rosidl_typesupport_fastrtps_cpp;rosidl_typesupport_introspection_cpp
[0.324s] -- Found rmw_implementation_cmake: 6.1.1 (/opt/ros/humble/share/rmw_implementation_cmake/cmake)
[0.325s] -- Found rmw_fastrtps_cpp: 6.2.6 (/opt/ros/humble/share/rmw_fastrtps_cpp/cmake)
[0.438s] -- Using RMW implementation 'rmw_fastrtps_cpp' as default
[0.579s] -- Found rclpy: 3.3.12 (/opt/ros/humble/share/rclpy/cmake)
[0.580s] [31mCMake Error at CMakeLists.txt:30 (add_dependencies):
[0.580s]   Cannot add target-level dependencies to non-existent target "introtask".
[0.580s] 
[0.580s]   The add_dependencies works for top-level logical targets created by the
[0.580s]   add_executable, add_library, or add_custom_target commands.  If you want to
[0.581s]   add file-level dependencies see the DEPENDS option of the add_custom_target
[0.581s]   and add_custom_command commands.
[0.581s] 
[0.581s] [0m
[0.768s] -- Configuring incomplete, errors occurred!
[0.768s] See also "/home/lemar/ros2_ws/build/introtask/CMakeFiles/CMakeOutput.log".
[0.781s] gmake: *** [Makefile:295: cmake_check_build_system] Error 1
[0.784s] Invoked command in '/home/lemar/ros2_ws/build/introtask' returned '2': CMAKE_PREFIX_PATH=${CMAKE_PREFIX_PATH}:/home/lemar/ros2_ws/install/python_parameters:/home/lemar/ros2_ws/install/py_srvcli:/home/lemar/ros2_ws/install/py_pubsub:/opt/ros/humble /usr/bin/cmake --build /home/lemar/ros2_ws/build/introtask -- -j12 -l12
