[0.558s] Invoking command in '/home/lemar/ros2_ws/src/py_srvcli': AMENT_PREFIX_PATH=/home/lemar/ros2_ws/install/tutorial_interfaces:${AMENT_PREFIX_PATH} CMAKE_PREFIX_PATH=/home/lemar/ros2_ws/install/tutorial_interfaces LD_LIBRARY_PATH=/home/lemar/ros2_ws/install/tutorial_interfaces/lib:${LD_LIBRARY_PATH} PYTHONPATH=/home/lemar/ros2_ws/build/py_srvcli/prefix_override:/home/lemar/ros2_ws/install/py_srvcli/lib/python3.10/site-packages:/home/lemar/ros2_ws/install/tutorial_interfaces/local/lib/python3.10/dist-packages:${PYTHONPATH} /usr/bin/python3 -W ignore:setup.py install is deprecated setup.py egg_info --egg-base ../../build/py_srvcli build --build-base /home/lemar/ros2_ws/build/py_srvcli/build install --record /home/lemar/ros2_ws/build/py_srvcli/install.log --single-version-externally-managed install_data
[0.772s] running egg_info
[0.773s] writing ../../build/py_srvcli/py_srvcli.egg-info/PKG-INFO
[0.773s] writing dependency_links to ../../build/py_srvcli/py_srvcli.egg-info/dependency_links.txt
[0.773s] writing entry points to ../../build/py_srvcli/py_srvcli.egg-info/entry_points.txt
[0.773s] writing requirements to ../../build/py_srvcli/py_srvcli.egg-info/requires.txt
[0.773s] writing top-level names to ../../build/py_srvcli/py_srvcli.egg-info/top_level.txt
[0.774s] reading manifest file '../../build/py_srvcli/py_srvcli.egg-info/SOURCES.txt'
[0.775s] adding license file 'LICENSE'
[0.775s] writing manifest file '../../build/py_srvcli/py_srvcli.egg-info/SOURCES.txt'
[0.775s] running build
[0.775s] running build_py
[0.776s] copying py_srvcli/service_member_function.py -> /home/lemar/ros2_ws/build/py_srvcli/build/lib/py_srvcli
[0.776s] copying py_srvcli/client_member_function.py -> /home/lemar/ros2_ws/build/py_srvcli/build/lib/py_srvcli
[0.777s] running install
[0.777s] running install_lib
[0.777s] copying /home/lemar/ros2_ws/build/py_srvcli/build/lib/py_srvcli/service_member_function.py -> /home/lemar/ros2_ws/install/py_srvcli/lib/python3.10/site-packages/py_srvcli
[0.777s] copying /home/lemar/ros2_ws/build/py_srvcli/build/lib/py_srvcli/client_member_function.py -> /home/lemar/ros2_ws/install/py_srvcli/lib/python3.10/site-packages/py_srvcli
[0.778s] byte-compiling /home/lemar/ros2_ws/install/py_srvcli/lib/python3.10/site-packages/py_srvcli/service_member_function.py to service_member_function.cpython-310.pyc
[0.778s] byte-compiling /home/lemar/ros2_ws/install/py_srvcli/lib/python3.10/site-packages/py_srvcli/client_member_function.py to client_member_function.cpython-310.pyc
[0.779s] running install_data
[0.779s] copying package.xml -> /home/lemar/ros2_ws/install/py_srvcli/share/py_srvcli
[0.779s] running install_egg_info
[0.780s] removing '/home/lemar/ros2_ws/install/py_srvcli/lib/python3.10/site-packages/py_srvcli-0.0.0-py3.10.egg-info' (and everything under it)
[0.780s] Copying ../../build/py_srvcli/py_srvcli.egg-info to /home/lemar/ros2_ws/install/py_srvcli/lib/python3.10/site-packages/py_srvcli-0.0.0-py3.10.egg-info
[0.781s] running install_scripts
[0.796s] Installing client script to /home/lemar/ros2_ws/install/py_srvcli/lib/py_srvcli
[0.797s] Installing service script to /home/lemar/ros2_ws/install/py_srvcli/lib/py_srvcli
[0.797s] writing list of installed files to '/home/lemar/ros2_ws/build/py_srvcli/install.log'
[0.824s] Invoked command in '/home/lemar/ros2_ws/src/py_srvcli' returned '0': AMENT_PREFIX_PATH=/home/lemar/ros2_ws/install/tutorial_interfaces:${AMENT_PREFIX_PATH} CMAKE_PREFIX_PATH=/home/lemar/ros2_ws/install/tutorial_interfaces LD_LIBRARY_PATH=/home/lemar/ros2_ws/install/tutorial_interfaces/lib:${LD_LIBRARY_PATH} PYTHONPATH=/home/lemar/ros2_ws/build/py_srvcli/prefix_override:/home/lemar/ros2_ws/install/py_srvcli/lib/python3.10/site-packages:/home/lemar/ros2_ws/install/tutorial_interfaces/local/lib/python3.10/dist-packages:${PYTHONPATH} /usr/bin/python3 -W ignore:setup.py install is deprecated setup.py egg_info --egg-base ../../build/py_srvcli build --build-base /home/lemar/ros2_ws/build/py_srvcli/build install --record /home/lemar/ros2_ws/build/py_srvcli/install.log --single-version-externally-managed install_data
