[0.015s] Invoking command in '/home/lemar/ros2_ws/build/introtask': CMAKE_PREFIX_PATH=${CMAKE_PREFIX_PATH}:/home/lemar/ros2_ws/install/python_parameters:/home/lemar/ros2_ws/install/py_srvcli:/home/lemar/ros2_ws/install/py_pubsub:/opt/ros/humble /usr/bin/cmake --build /home/lemar/ros2_ws/build/introtask -- -j12 -l12
[0.039s] -- Found ament_cmake: 1.3.8 (/opt/ros/humble/share/ament_cmake/cmake)
[0.180s] -- Found rclcpp: 16.0.8 (/opt/ros/humble/share/rclcpp/cmake)
[0.243s] -- Found rosidl_generator_c: 3.1.5 (/opt/ros/humble/share/rosidl_generator_c/cmake)
[0.247s] -- Found rosidl_adapter: 3.1.5 (/opt/ros/humble/share/rosidl_adapter/cmake)
[0.252s] -- Found rosidl_generator_cpp: 3.1.5 (/opt/ros/humble/share/rosidl_generator_cpp/cmake)
[0.262s] -- Using all available rosidl_typesupport_c: rosidl_typesupport_fastrtps_c;rosidl_typesupport_introspection_c
[0.275s] -- Using all available rosidl_typesupport_cpp: rosidl_typesupport_fastrtps_cpp;rosidl_typesupport_introspection_cpp
[0.325s] -- Found rmw_implementation_cmake: 6.1.1 (/opt/ros/humble/share/rmw_implementation_cmake/cmake)
[0.327s] -- Found rmw_fastrtps_cpp: 6.2.6 (/opt/ros/humble/share/rmw_fastrtps_cpp/cmake)
[0.438s] -- Using RMW implementation 'rmw_fastrtps_cpp' as default
[0.581s] -- Found rclpy: 3.3.12 (/opt/ros/humble/share/rclpy/cmake)
[0.768s] -- Configuring done
[0.788s] -- Generating done
[0.791s] -- Build files have been written to: /home/lemar/ros2_ws/build/introtask
[0.837s] [35m[1mConsolidate compiler generated dependencies of target talker[0m
[0.862s] [  0%] Built target ament_cmake_python_copy_introtask
[0.864s] [100%] Built target talker
[1.081s] running egg_info
[1.081s] writing introtask.egg-info/PKG-INFO
[1.081s] writing dependency_links to introtask.egg-info/dependency_links.txt
[1.081s] writing top-level names to introtask.egg-info/top_level.txt
[1.083s] reading manifest file 'introtask.egg-info/SOURCES.txt'
[1.084s] writing manifest file 'introtask.egg-info/SOURCES.txt'
[1.116s] [100%] Built target ament_cmake_python_build_introtask_egg
[1.133s] Invoked command in '/home/lemar/ros2_ws/build/introtask' returned '0': CMAKE_PREFIX_PATH=${CMAKE_PREFIX_PATH}:/home/lemar/ros2_ws/install/python_parameters:/home/lemar/ros2_ws/install/py_srvcli:/home/lemar/ros2_ws/install/py_pubsub:/opt/ros/humble /usr/bin/cmake --build /home/lemar/ros2_ws/build/introtask -- -j12 -l12
[1.179s] Invoking command in '/home/lemar/ros2_ws/build/introtask': CMAKE_PREFIX_PATH=${CMAKE_PREFIX_PATH}:/home/lemar/ros2_ws/install/python_parameters:/home/lemar/ros2_ws/install/py_srvcli:/home/lemar/ros2_ws/install/py_pubsub:/opt/ros/humble /usr/bin/cmake --install /home/lemar/ros2_ws/build/introtask
[1.185s] -- Install configuration: ""
[1.185s] -- Up-to-date: /home/lemar/ros2_ws/install/introtask/share/introtask/environment/pythonpath.sh
[1.185s] -- Installing: /home/lemar/ros2_ws/install/introtask/share/introtask/environment/pythonpath.dsv
[1.185s] -- Up-to-date: /home/lemar/ros2_ws/install/introtask/local/lib/python3.10/dist-packages/introtask-0.0.0-py3.10.egg-info
[1.185s] -- Installing: /home/lemar/ros2_ws/install/introtask/local/lib/python3.10/dist-packages/introtask-0.0.0-py3.10.egg-info/PKG-INFO
[1.185s] -- Installing: /home/lemar/ros2_ws/install/introtask/local/lib/python3.10/dist-packages/introtask-0.0.0-py3.10.egg-info/top_level.txt
[1.186s] -- Installing: /home/lemar/ros2_ws/install/introtask/local/lib/python3.10/dist-packages/introtask-0.0.0-py3.10.egg-info/dependency_links.txt
[1.186s] -- Installing: /home/lemar/ros2_ws/install/introtask/local/lib/python3.10/dist-packages/introtask-0.0.0-py3.10.egg-info/SOURCES.txt
[1.186s] -- Up-to-date: /home/lemar/ros2_ws/install/introtask/local/lib/python3.10/dist-packages/introtask
[1.186s] -- Up-to-date: /home/lemar/ros2_ws/install/introtask/local/lib/python3.10/dist-packages/introtask/__init__.py
[1.186s] -- Up-to-date: /home/lemar/ros2_ws/install/introtask/local/lib/python3.10/dist-packages/introtask/module.py
[1.209s] Listing '/home/lemar/ros2_ws/install/introtask/local/lib/python3.10/dist-packages/introtask'...
[1.213s] -- Up-to-date: /home/lemar/ros2_ws/install/introtask/lib/introtask/talker
[1.213s] -- Up-to-date: /home/lemar/ros2_ws/install/introtask/lib/introtask/pysub_node.py
[1.214s] -- Up-to-date: /home/lemar/ros2_ws/install/introtask/share/ament_index/resource_index/package_run_dependencies/introtask
[1.214s] -- Up-to-date: /home/lemar/ros2_ws/install/introtask/share/ament_index/resource_index/parent_prefix_path/introtask
[1.214s] -- Up-to-date: /home/lemar/ros2_ws/install/introtask/share/introtask/environment/ament_prefix_path.sh
[1.214s] -- Installing: /home/lemar/ros2_ws/install/introtask/share/introtask/environment/ament_prefix_path.dsv
[1.214s] -- Up-to-date: /home/lemar/ros2_ws/install/introtask/share/introtask/environment/path.sh
[1.214s] -- Installing: /home/lemar/ros2_ws/install/introtask/share/introtask/environment/path.dsv
[1.214s] -- Up-to-date: /home/lemar/ros2_ws/install/introtask/share/introtask/local_setup.bash
[1.215s] -- Up-to-date: /home/lemar/ros2_ws/install/introtask/share/introtask/local_setup.sh
[1.215s] -- Up-to-date: /home/lemar/ros2_ws/install/introtask/share/introtask/local_setup.zsh
[1.215s] -- Installing: /home/lemar/ros2_ws/install/introtask/share/introtask/local_setup.dsv
[1.215s] -- Installing: /home/lemar/ros2_ws/install/introtask/share/introtask/package.dsv
[1.215s] -- Up-to-date: /home/lemar/ros2_ws/install/introtask/share/ament_index/resource_index/packages/introtask
[1.215s] -- Up-to-date: /home/lemar/ros2_ws/install/introtask/share/introtask/cmake/introtaskConfig.cmake
[1.216s] -- Up-to-date: /home/lemar/ros2_ws/install/introtask/share/introtask/cmake/introtaskConfig-version.cmake
[1.216s] -- Up-to-date: /home/lemar/ros2_ws/install/introtask/share/introtask/package.xml
[1.216s] Invoked command in '/home/lemar/ros2_ws/build/introtask' returned '0': CMAKE_PREFIX_PATH=${CMAKE_PREFIX_PATH}:/home/lemar/ros2_ws/install/python_parameters:/home/lemar/ros2_ws/install/py_srvcli:/home/lemar/ros2_ws/install/py_pubsub:/opt/ros/humble /usr/bin/cmake --install /home/lemar/ros2_ws/build/introtask
