[0.013s] Invoking command in '/home/lemar/ros2_ws/build/introtask': CMAKE_PREFIX_PATH=${CMAKE_PREFIX_PATH}:/home/lemar/ros2_ws/install/python_parameters:/home/lemar/ros2_ws/install/py_srvcli:/home/lemar/ros2_ws/install/py_pubsub:/opt/ros/humble /usr/bin/cmake /home/lemar/ros2_ws/src/introtask -DCMAKE_INSTALL_PREFIX=/home/lemar/ros2_ws/install/introtask
[0.035s] -- Found ament_cmake: 1.3.8 (/opt/ros/humble/share/ament_cmake/cmake)
[0.193s] -- Found rclcpp: 16.0.8 (/opt/ros/humble/share/rclcpp/cmake)
[0.242s] -- Found rosidl_generator_c: 3.1.5 (/opt/ros/humble/share/rosidl_generator_c/cmake)
[0.244s] -- Found rosidl_adapter: 3.1.5 (/opt/ros/humble/share/rosidl_adapter/cmake)
[0.250s] -- Found rosidl_generator_cpp: 3.1.5 (/opt/ros/humble/share/rosidl_generator_cpp/cmake)
[0.259s] -- Using all available rosidl_typesupport_c: rosidl_typesupport_fastrtps_c;rosidl_typesupport_introspection_c
[0.273s] -- Using all available rosidl_typesupport_cpp: rosidl_typesupport_fastrtps_cpp;rosidl_typesupport_introspection_cpp
[0.323s] -- Found rmw_implementation_cmake: 6.1.1 (/opt/ros/humble/share/rmw_implementation_cmake/cmake)
[0.325s] -- Found rmw_fastrtps_cpp: 6.2.6 (/opt/ros/humble/share/rmw_fastrtps_cpp/cmake)
[0.437s] -- Using RMW implementation 'rmw_fastrtps_cpp' as default
[0.575s] -- Found rclpy: 3.3.12 (/opt/ros/humble/share/rclpy/cmake)
[0.774s] -- Configuring done
[0.777s] [31mCMake Error at CMakeLists.txt:21 (add_executable):
[0.778s]   Cannot find source file:
[0.778s] 
[0.778s]     src/cpppup_node.cpp
[0.778s] 
[0.778s]   Tried extensions .c .C .c++ .cc .cpp .cxx .cu .mpp .m .M .mm .ixx .cppm .h
[0.778s]   .hh .h++ .hm .hpp .hxx .in .txx .f .F .for .f77 .f90 .f95 .f03 .hip .ispc
[0.778s] 
[0.779s] [0m
[0.779s] [31mCMake Error at CMakeLists.txt:21 (add_executable):
[0.779s]   No SOURCES given to target: talker
[0.779s] 
[0.779s] [0m
[0.779s] [0mCMake Generate step failed.  Build files cannot be regenerated correctly.[0m
[0.788s] Invoked command in '/home/lemar/ros2_ws/build/introtask' returned '1': CMAKE_PREFIX_PATH=${CMAKE_PREFIX_PATH}:/home/lemar/ros2_ws/install/python_parameters:/home/lemar/ros2_ws/install/py_srvcli:/home/lemar/ros2_ws/install/py_pubsub:/opt/ros/humble /usr/bin/cmake /home/lemar/ros2_ws/src/introtask -DCMAKE_INSTALL_PREFIX=/home/lemar/ros2_ws/install/introtask
