[0.576s] Invoking command in '/home/lemar/ros2_ws/src/py_pubsub': PYTHONPATH=/home/lemar/ros2_ws/build/py_pubsub/prefix_override:/home/lemar/ros2_ws/install/py_pubsub/lib/python3.10/site-packages:${PYTHONPATH} /usr/bin/python3 -W ignore:setup.py install is deprecated setup.py egg_info --egg-base ../../build/py_pubsub build --build-base /home/lemar/ros2_ws/build/py_pubsub/build install --record /home/lemar/ros2_ws/build/py_pubsub/install.log --single-version-externally-managed install_data
[0.788s] running egg_info
[0.788s] creating ../../build/py_pubsub/py_pubsub.egg-info
[0.789s] writing ../../build/py_pubsub/py_pubsub.egg-info/PKG-INFO
[0.789s] writing dependency_links to ../../build/py_pubsub/py_pubsub.egg-info/dependency_links.txt
[0.789s] writing entry points to ../../build/py_pubsub/py_pubsub.egg-info/entry_points.txt
[0.789s] writing requirements to ../../build/py_pubsub/py_pubsub.egg-info/requires.txt
[0.789s] writing top-level names to ../../build/py_pubsub/py_pubsub.egg-info/top_level.txt
[0.790s] writing manifest file '../../build/py_pubsub/py_pubsub.egg-info/SOURCES.txt'
[0.790s] reading manifest file '../../build/py_pubsub/py_pubsub.egg-info/SOURCES.txt'
[0.791s] adding license file 'LICENSE'
[0.791s] writing manifest file '../../build/py_pubsub/py_pubsub.egg-info/SOURCES.txt'
[0.791s] running build
[0.791s] running build_py
[0.792s] creating /home/lemar/ros2_ws/build/py_pubsub/build
[0.792s] creating /home/lemar/ros2_ws/build/py_pubsub/build/lib
[0.792s] creating /home/lemar/ros2_ws/build/py_pubsub/build/lib/py_pubsub
[0.792s] copying py_pubsub/subscriber_member_function.py -> /home/lemar/ros2_ws/build/py_pubsub/build/lib/py_pubsub
[0.792s] copying py_pubsub/__init__.py -> /home/lemar/ros2_ws/build/py_pubsub/build/lib/py_pubsub
[0.792s] copying py_pubsub/publisher_member_function.py -> /home/lemar/ros2_ws/build/py_pubsub/build/lib/py_pubsub
[0.792s] running install
[0.793s] running install_lib
[0.793s] creating /home/lemar/ros2_ws/install/py_pubsub/lib/python3.10/site-packages/py_pubsub
[0.793s] copying /home/lemar/ros2_ws/build/py_pubsub/build/lib/py_pubsub/subscriber_member_function.py -> /home/lemar/ros2_ws/install/py_pubsub/lib/python3.10/site-packages/py_pubsub
[0.793s] copying /home/lemar/ros2_ws/build/py_pubsub/build/lib/py_pubsub/__init__.py -> /home/lemar/ros2_ws/install/py_pubsub/lib/python3.10/site-packages/py_pubsub
[0.794s] copying /home/lemar/ros2_ws/build/py_pubsub/build/lib/py_pubsub/publisher_member_function.py -> /home/lemar/ros2_ws/install/py_pubsub/lib/python3.10/site-packages/py_pubsub
[0.794s] byte-compiling /home/lemar/ros2_ws/install/py_pubsub/lib/python3.10/site-packages/py_pubsub/subscriber_member_function.py to subscriber_member_function.cpython-310.pyc
[0.794s] byte-compiling /home/lemar/ros2_ws/install/py_pubsub/lib/python3.10/site-packages/py_pubsub/__init__.py to __init__.cpython-310.pyc
[0.794s] byte-compiling /home/lemar/ros2_ws/install/py_pubsub/lib/python3.10/site-packages/py_pubsub/publisher_member_function.py to publisher_member_function.cpython-310.pyc
[0.794s] running install_data
[0.795s] creating /home/lemar/ros2_ws/install/py_pubsub/share/ament_index
[0.795s] creating /home/lemar/ros2_ws/install/py_pubsub/share/ament_index/resource_index
[0.795s] creating /home/lemar/ros2_ws/install/py_pubsub/share/ament_index/resource_index/packages
[0.795s] copying resource/py_pubsub -> /home/lemar/ros2_ws/install/py_pubsub/share/ament_index/resource_index/packages
[0.795s] copying package.xml -> /home/lemar/ros2_ws/install/py_pubsub/share/py_pubsub
[0.795s] running install_egg_info
[0.796s] Copying ../../build/py_pubsub/py_pubsub.egg-info to /home/lemar/ros2_ws/install/py_pubsub/lib/python3.10/site-packages/py_pubsub-0.0.0-py3.10.egg-info
[0.796s] running install_scripts
[0.812s] Installing listener script to /home/lemar/ros2_ws/install/py_pubsub/lib/py_pubsub
[0.812s] Installing talker script to /home/lemar/ros2_ws/install/py_pubsub/lib/py_pubsub
[0.812s] writing list of installed files to '/home/lemar/ros2_ws/build/py_pubsub/install.log'
[0.839s] Invoked command in '/home/lemar/ros2_ws/src/py_pubsub' returned '0': PYTHONPATH=/home/lemar/ros2_ws/build/py_pubsub/prefix_override:/home/lemar/ros2_ws/install/py_pubsub/lib/python3.10/site-packages:${PYTHONPATH} /usr/bin/python3 -W ignore:setup.py install is deprecated setup.py egg_info --egg-base ../../build/py_pubsub build --build-base /home/lemar/ros2_ws/build/py_pubsub/build install --record /home/lemar/ros2_ws/build/py_pubsub/install.log --single-version-externally-managed install_data
