[0.561s] Invoking command in '/home/lemar/ros2_ws/src/py_pubsub': AMENT_PREFIX_PATH=/home/lemar/ros2_ws/install/tutorial_interfaces:${AMENT_PREFIX_PATH} CMAKE_PREFIX_PATH=/home/lemar/ros2_ws/install/tutorial_interfaces LD_LIBRARY_PATH=/home/lemar/ros2_ws/install/tutorial_interfaces/lib:${LD_LIBRARY_PATH} PYTHONPATH=/home/lemar/ros2_ws/build/py_pubsub/prefix_override:/home/lemar/ros2_ws/install/py_pubsub/lib/python3.10/site-packages:/home/lemar/ros2_ws/install/tutorial_interfaces/local/lib/python3.10/dist-packages:${PYTHONPATH} /usr/bin/python3 -W ignore:setup.py install is deprecated setup.py egg_info --egg-base ../../build/py_pubsub build --build-base /home/lemar/ros2_ws/build/py_pubsub/build install --record /home/lemar/ros2_ws/build/py_pubsub/install.log --single-version-externally-managed install_data
[0.777s] running egg_info
[0.778s] writing ../../build/py_pubsub/py_pubsub.egg-info/PKG-INFO
[0.778s] writing dependency_links to ../../build/py_pubsub/py_pubsub.egg-info/dependency_links.txt
[0.778s] writing entry points to ../../build/py_pubsub/py_pubsub.egg-info/entry_points.txt
[0.778s] writing requirements to ../../build/py_pubsub/py_pubsub.egg-info/requires.txt
[0.779s] writing top-level names to ../../build/py_pubsub/py_pubsub.egg-info/top_level.txt
[0.780s] reading manifest file '../../build/py_pubsub/py_pubsub.egg-info/SOURCES.txt'
[0.780s] adding license file 'LICENSE'
[0.780s] writing manifest file '../../build/py_pubsub/py_pubsub.egg-info/SOURCES.txt'
[0.780s] running build
[0.781s] running build_py
[0.781s] copying py_pubsub/subscriber_member_function.py -> /home/lemar/ros2_ws/build/py_pubsub/build/lib/py_pubsub
[0.782s] copying py_pubsub/publisher_member_function.py -> /home/lemar/ros2_ws/build/py_pubsub/build/lib/py_pubsub
[0.782s] running install
[0.782s] running install_lib
[0.783s] copying /home/lemar/ros2_ws/build/py_pubsub/build/lib/py_pubsub/subscriber_member_function.py -> /home/lemar/ros2_ws/install/py_pubsub/lib/python3.10/site-packages/py_pubsub
[0.783s] copying /home/lemar/ros2_ws/build/py_pubsub/build/lib/py_pubsub/publisher_member_function.py -> /home/lemar/ros2_ws/install/py_pubsub/lib/python3.10/site-packages/py_pubsub
[0.783s] byte-compiling /home/lemar/ros2_ws/install/py_pubsub/lib/python3.10/site-packages/py_pubsub/subscriber_member_function.py to subscriber_member_function.cpython-310.pyc
[0.783s] byte-compiling /home/lemar/ros2_ws/install/py_pubsub/lib/python3.10/site-packages/py_pubsub/publisher_member_function.py to publisher_member_function.cpython-310.pyc
[0.784s] running install_data
[0.784s] copying package.xml -> /home/lemar/ros2_ws/install/py_pubsub/share/py_pubsub
[0.784s] running install_egg_info
[0.785s] removing '/home/lemar/ros2_ws/install/py_pubsub/lib/python3.10/site-packages/py_pubsub-0.0.0-py3.10.egg-info' (and everything under it)
[0.786s] Copying ../../build/py_pubsub/py_pubsub.egg-info to /home/lemar/ros2_ws/install/py_pubsub/lib/python3.10/site-packages/py_pubsub-0.0.0-py3.10.egg-info
[0.786s] running install_scripts
[0.801s] Installing listener script to /home/lemar/ros2_ws/install/py_pubsub/lib/py_pubsub
[0.802s] Installing talker script to /home/lemar/ros2_ws/install/py_pubsub/lib/py_pubsub
[0.802s] writing list of installed files to '/home/lemar/ros2_ws/build/py_pubsub/install.log'
[0.829s] Invoked command in '/home/lemar/ros2_ws/src/py_pubsub' returned '0': AMENT_PREFIX_PATH=/home/lemar/ros2_ws/install/tutorial_interfaces:${AMENT_PREFIX_PATH} CMAKE_PREFIX_PATH=/home/lemar/ros2_ws/install/tutorial_interfaces LD_LIBRARY_PATH=/home/lemar/ros2_ws/install/tutorial_interfaces/lib:${LD_LIBRARY_PATH} PYTHONPATH=/home/lemar/ros2_ws/build/py_pubsub/prefix_override:/home/lemar/ros2_ws/install/py_pubsub/lib/python3.10/site-packages:/home/lemar/ros2_ws/install/tutorial_interfaces/local/lib/python3.10/dist-packages:${PYTHONPATH} /usr/bin/python3 -W ignore:setup.py install is deprecated setup.py egg_info --egg-base ../../build/py_pubsub build --build-base /home/lemar/ros2_ws/build/py_pubsub/build install --record /home/lemar/ros2_ws/build/py_pubsub/install.log --single-version-externally-managed install_data
