[0.012s] Invoking command in '/home/lemar/ros2_ws/build/cpp_parameters': CMAKE_PREFIX_PATH=${CMAKE_PREFIX_PATH}:/home/lemar/ros2_ws/install/py_srvcli:/home/lemar/ros2_ws/install/py_pubsub:/opt/ros/humble /usr/bin/cmake --build /home/lemar/ros2_ws/build/cpp_parameters -- -j12 -l12
[0.052s] -- Found ament_cmake: 1.3.8 (/opt/ros/humble/share/ament_cmake/cmake)
[0.244s] -- Found rclcpp: 16.0.8 (/opt/ros/humble/share/rclcpp/cmake)
[0.310s] -- Found rosidl_generator_c: 3.1.5 (/opt/ros/humble/share/rosidl_generator_c/cmake)
[0.313s] -- Found rosidl_adapter: 3.1.5 (/opt/ros/humble/share/rosidl_adapter/cmake)
[0.318s] -- Found rosidl_generator_cpp: 3.1.5 (/opt/ros/humble/share/rosidl_generator_cpp/cmake)
[0.327s] -- Using all available rosidl_typesupport_c: rosidl_typesupport_fastrtps_c;rosidl_typesupport_introspection_c
[0.340s] -- Using all available rosidl_typesupport_cpp: rosidl_typesupport_fastrtps_cpp;rosidl_typesupport_introspection_cpp
[0.392s] -- Found rmw_implementation_cmake: 6.1.1 (/opt/ros/humble/share/rmw_implementation_cmake/cmake)
[0.393s] -- Found rmw_fastrtps_cpp: 6.2.6 (/opt/ros/humble/share/rmw_fastrtps_cpp/cmake)
[0.496s] -- Using RMW implementation 'rmw_fastrtps_cpp' as default
[0.632s] -- Found ament_lint_auto: 0.12.10 (/opt/ros/humble/share/ament_lint_auto/cmake)
[0.716s] -- Added test 'cppcheck' to perform static code analysis on C / C++ code
[0.717s] -- Configured cppcheck include dirs: 
[0.717s] -- Configured cppcheck exclude dirs and/or files: 
[0.717s] -- Added test 'flake8' to check Python code syntax and style conventions
[0.717s] -- Added test 'lint_cmake' to check CMake code style
[0.717s] -- Added test 'pep257' to check Python code against some of the docstring style conventions in PEP 257
[0.718s] -- Added test 'uncrustify' to check C / C++ code style
[0.718s] -- Configured uncrustify additional arguments: 
[0.718s] -- Added test 'xmllint' to check XML markup files
[0.719s] -- Configuring done
[0.726s] -- Generating done
[0.727s] -- Build files have been written to: /home/lemar/ros2_ws/build/cpp_parameters
[0.760s] [35m[1mConsolidate compiler generated dependencies of target minimal_param_node[0m
[0.779s] [100%] Built target minimal_param_node
[0.788s] Invoked command in '/home/lemar/ros2_ws/build/cpp_parameters' returned '0': CMAKE_PREFIX_PATH=${CMAKE_PREFIX_PATH}:/home/lemar/ros2_ws/install/py_srvcli:/home/lemar/ros2_ws/install/py_pubsub:/opt/ros/humble /usr/bin/cmake --build /home/lemar/ros2_ws/build/cpp_parameters -- -j12 -l12
[0.837s] Invoking command in '/home/lemar/ros2_ws/build/cpp_parameters': CMAKE_PREFIX_PATH=${CMAKE_PREFIX_PATH}:/home/lemar/ros2_ws/install/py_srvcli:/home/lemar/ros2_ws/install/py_pubsub:/opt/ros/humble /usr/bin/cmake --install /home/lemar/ros2_ws/build/cpp_parameters
[0.846s] -- Install configuration: ""
[0.847s] -- Up-to-date: /home/lemar/ros2_ws/install/cpp_parameters/lib/cpp_parameters/minimal_param_node
[0.847s] -- Installing: /home/lemar/ros2_ws/install/cpp_parameters/share/cpp_parameters/launch
[0.847s] -- Installing: /home/lemar/ros2_ws/install/cpp_parameters/share/cpp_parameters/launch/cpp_parameters_launch.py
[0.848s] -- Up-to-date: /home/lemar/ros2_ws/install/cpp_parameters/share/ament_index/resource_index/package_run_dependencies/cpp_parameters
[0.848s] -- Up-to-date: /home/lemar/ros2_ws/install/cpp_parameters/share/ament_index/resource_index/parent_prefix_path/cpp_parameters
[0.848s] -- Up-to-date: /home/lemar/ros2_ws/install/cpp_parameters/share/cpp_parameters/environment/ament_prefix_path.sh
[0.848s] -- Installing: /home/lemar/ros2_ws/install/cpp_parameters/share/cpp_parameters/environment/ament_prefix_path.dsv
[0.848s] -- Up-to-date: /home/lemar/ros2_ws/install/cpp_parameters/share/cpp_parameters/environment/path.sh
[0.849s] -- Installing: /home/lemar/ros2_ws/install/cpp_parameters/share/cpp_parameters/environment/path.dsv
[0.849s] -- Up-to-date: /home/lemar/ros2_ws/install/cpp_parameters/share/cpp_parameters/local_setup.bash
[0.849s] -- Up-to-date: /home/lemar/ros2_ws/install/cpp_parameters/share/cpp_parameters/local_setup.sh
[0.849s] -- Up-to-date: /home/lemar/ros2_ws/install/cpp_parameters/share/cpp_parameters/local_setup.zsh
[0.849s] -- Installing: /home/lemar/ros2_ws/install/cpp_parameters/share/cpp_parameters/local_setup.dsv
[0.849s] -- Installing: /home/lemar/ros2_ws/install/cpp_parameters/share/cpp_parameters/package.dsv
[0.849s] -- Up-to-date: /home/lemar/ros2_ws/install/cpp_parameters/share/ament_index/resource_index/packages/cpp_parameters
[0.849s] -- Up-to-date: /home/lemar/ros2_ws/install/cpp_parameters/share/cpp_parameters/cmake/cpp_parametersConfig.cmake
[0.849s] -- Up-to-date: /home/lemar/ros2_ws/install/cpp_parameters/share/cpp_parameters/cmake/cpp_parametersConfig-version.cmake
[0.849s] -- Up-to-date: /home/lemar/ros2_ws/install/cpp_parameters/share/cpp_parameters/package.xml
[0.853s] Invoked command in '/home/lemar/ros2_ws/build/cpp_parameters' returned '0': CMAKE_PREFIX_PATH=${CMAKE_PREFIX_PATH}:/home/lemar/ros2_ws/install/py_srvcli:/home/lemar/ros2_ws/install/py_pubsub:/opt/ros/humble /usr/bin/cmake --install /home/lemar/ros2_ws/build/cpp_parameters
