[0.012s] Invoking command in '/home/lemar/ros2_ws/build/cpp_srvcli': CMAKE_PREFIX_PATH=/opt/ros/humble /usr/bin/cmake /home/lemar/ros2_ws/src/cpp_srvcli -DCMAKE_INSTALL_PREFIX=/home/lemar/ros2_ws/install/cpp_srvcli
[0.056s] -- The C compiler identification is GNU 11.4.0
[0.109s] -- The CXX compiler identification is GNU 11.4.0
[0.114s] -- Detecting C compiler ABI info
[0.186s] -- Detecting C compiler ABI info - done
[0.193s] -- Check for working C compiler: /usr/bin/cc - skipped
[0.193s] -- Detecting C compile features
[0.193s] -- Detecting C compile features - done
[0.196s] -- Detecting CXX compiler ABI info
[0.291s] -- Detecting CXX compiler ABI info - done
[0.309s] -- Check for working CXX compiler: /usr/bin/c++ - skipped
[0.310s] -- Detecting CXX compile features
[0.311s] -- Detecting CXX compile features - done
[0.315s] -- Found ament_cmake: 1.3.8 (/opt/ros/humble/share/ament_cmake/cmake)
[0.555s] -- Found Python3: /usr/bin/python3 (found version "3.10.12") found components: Interpreter 
[0.676s] -- Found rclcpp: 16.0.8 (/opt/ros/humble/share/rclcpp/cmake)
[0.717s] -- Found rosidl_generator_c: 3.1.5 (/opt/ros/humble/share/rosidl_generator_c/cmake)
[0.721s] -- Found rosidl_adapter: 3.1.5 (/opt/ros/humble/share/rosidl_adapter/cmake)
[0.730s] -- Found rosidl_generator_cpp: 3.1.5 (/opt/ros/humble/share/rosidl_generator_cpp/cmake)
[0.744s] -- Using all available rosidl_typesupport_c: rosidl_typesupport_fastrtps_c;rosidl_typesupport_introspection_c
[0.762s] -- Using all available rosidl_typesupport_cpp: rosidl_typesupport_fastrtps_cpp;rosidl_typesupport_introspection_cpp
[0.828s] -- Found rmw_implementation_cmake: 6.1.1 (/opt/ros/humble/share/rmw_implementation_cmake/cmake)
[0.831s] -- Found rmw_fastrtps_cpp: 6.2.6 (/opt/ros/humble/share/rmw_fastrtps_cpp/cmake)
[0.933s] -- Found OpenSSL: /usr/lib/x86_64-linux-gnu/libcrypto.so (found version "3.0.2")  
[0.971s] -- Found FastRTPS: /opt/ros/humble/include  
[1.016s] -- Using RMW implementation 'rmw_fastrtps_cpp' as default
[1.025s] -- Looking for pthread.h
[1.099s] -- Looking for pthread.h - found
[1.100s] -- Performing Test CMAKE_HAVE_LIBC_PTHREAD
[1.163s] -- Performing Test CMAKE_HAVE_LIBC_PTHREAD - Success
[1.164s] -- Found Threads: TRUE  
[1.313s] -- Found example_interfaces: 0.9.3 (/opt/ros/humble/share/example_interfaces/cmake)
[1.444s] -- Found ament_lint_auto: 0.12.10 (/opt/ros/humble/share/ament_lint_auto/cmake)
[1.531s] -- Added test 'cppcheck' to perform static code analysis on C / C++ code
[1.531s] -- Configured cppcheck include dirs: 
[1.532s] -- Configured cppcheck exclude dirs and/or files: 
[1.532s] -- Added test 'lint_cmake' to check CMake code style
[1.532s] -- Added test 'uncrustify' to check C / C++ code style
[1.532s] -- Configured uncrustify additional arguments: 
[1.532s] -- Added test 'xmllint' to check XML markup files
[1.533s] -- Configuring done
[1.537s] -- Generating done
[1.538s] -- Build files have been written to: /home/lemar/ros2_ws/build/cpp_srvcli
[1.545s] Invoked command in '/home/lemar/ros2_ws/build/cpp_srvcli' returned '0': CMAKE_PREFIX_PATH=/opt/ros/humble /usr/bin/cmake /home/lemar/ros2_ws/src/cpp_srvcli -DCMAKE_INSTALL_PREFIX=/home/lemar/ros2_ws/install/cpp_srvcli
[1.548s] Invoking command in '/home/lemar/ros2_ws/build/cpp_srvcli': CMAKE_PREFIX_PATH=/opt/ros/humble /usr/bin/cmake --build /home/lemar/ros2_ws/build/cpp_srvcli -- -j12 -l12
[1.586s] Invoked command in '/home/lemar/ros2_ws/build/cpp_srvcli' returned '0': CMAKE_PREFIX_PATH=/opt/ros/humble /usr/bin/cmake --build /home/lemar/ros2_ws/build/cpp_srvcli -- -j12 -l12
[1.610s] Invoking command in '/home/lemar/ros2_ws/build/cpp_srvcli': CMAKE_PREFIX_PATH=/opt/ros/humble /usr/bin/cmake --install /home/lemar/ros2_ws/build/cpp_srvcli
[1.621s] -- Install configuration: ""
[1.622s] -- Installing: /home/lemar/ros2_ws/install/cpp_srvcli/share/ament_index/resource_index/package_run_dependencies/cpp_srvcli
[1.622s] -- Installing: /home/lemar/ros2_ws/install/cpp_srvcli/share/ament_index/resource_index/parent_prefix_path/cpp_srvcli
[1.622s] -- Installing: /home/lemar/ros2_ws/install/cpp_srvcli/share/cpp_srvcli/environment/ament_prefix_path.sh
[1.623s] -- Installing: /home/lemar/ros2_ws/install/cpp_srvcli/share/cpp_srvcli/environment/ament_prefix_path.dsv
[1.623s] -- Installing: /home/lemar/ros2_ws/install/cpp_srvcli/share/cpp_srvcli/environment/path.sh
[1.623s] -- Installing: /home/lemar/ros2_ws/install/cpp_srvcli/share/cpp_srvcli/environment/path.dsv
[1.623s] -- Installing: /home/lemar/ros2_ws/install/cpp_srvcli/share/cpp_srvcli/local_setup.bash
[1.624s] -- Installing: /home/lemar/ros2_ws/install/cpp_srvcli/share/cpp_srvcli/local_setup.sh
[1.624s] -- Installing: /home/lemar/ros2_ws/install/cpp_srvcli/share/cpp_srvcli/local_setup.zsh
[1.624s] -- Installing: /home/lemar/ros2_ws/install/cpp_srvcli/share/cpp_srvcli/local_setup.dsv
[1.624s] -- Installing: /home/lemar/ros2_ws/install/cpp_srvcli/share/cpp_srvcli/package.dsv
[1.625s] -- Installing: /home/lemar/ros2_ws/install/cpp_srvcli/share/ament_index/resource_index/packages/cpp_srvcli
[1.625s] -- Installing: /home/lemar/ros2_ws/install/cpp_srvcli/share/cpp_srvcli/cmake/cpp_srvcliConfig.cmake
[1.625s] -- Installing: /home/lemar/ros2_ws/install/cpp_srvcli/share/cpp_srvcli/cmake/cpp_srvcliConfig-version.cmake
[1.626s] -- Installing: /home/lemar/ros2_ws/install/cpp_srvcli/share/cpp_srvcli/package.xml
[1.629s] Invoked command in '/home/lemar/ros2_ws/build/cpp_srvcli' returned '0': CMAKE_PREFIX_PATH=/opt/ros/humble /usr/bin/cmake --install /home/lemar/ros2_ws/build/cpp_srvcli
