[0.014s] Invoking command in '/home/lemar/ros2_ws/build/introtask': CMAKE_PREFIX_PATH=${CMAKE_PREFIX_PATH}:/home/lemar/ros2_ws/install/python_parameters:/home/lemar/ros2_ws/install/py_srvcli:/home/lemar/ros2_ws/install/py_pubsub:/opt/ros/humble /usr/bin/cmake /home/lemar/ros2_ws/src/introtask -DCMAKE_INSTALL_PREFIX=/home/lemar/ros2_ws/install/introtask
[0.091s] -- The C compiler identification is GNU 11.4.0
[0.144s] -- The CXX compiler identification is GNU 11.4.0
[0.152s] -- Detecting C compiler ABI info
[0.226s] -- Detecting C compiler ABI info - done
[0.244s] -- Check for working C compiler: /usr/bin/cc - skipped
[0.244s] -- Detecting C compile features
[0.245s] -- Detecting C compile features - done
[0.252s] -- Detecting CXX compiler ABI info
[0.375s] -- Detecting CXX compiler ABI info - done
[0.383s] -- Check for working CXX compiler: /usr/bin/c++ - skipped
[0.383s] -- Detecting CXX compile features
[0.383s] -- Detecting CXX compile features - done
[0.386s] -- Found ament_cmake: 1.3.8 (/opt/ros/humble/share/ament_cmake/cmake)
[0.551s] -- Found Python3: /usr/bin/python3 (found version "3.10.12") found components: Interpreter 
[0.713s] -- Found rclcpp: 16.0.8 (/opt/ros/humble/share/rclcpp/cmake)
[0.756s] -- Found rosidl_generator_c: 3.1.5 (/opt/ros/humble/share/rosidl_generator_c/cmake)
[0.763s] -- Found rosidl_adapter: 3.1.5 (/opt/ros/humble/share/rosidl_adapter/cmake)
[0.771s] -- Found rosidl_generator_cpp: 3.1.5 (/opt/ros/humble/share/rosidl_generator_cpp/cmake)
[0.786s] -- Using all available rosidl_typesupport_c: rosidl_typesupport_fastrtps_c;rosidl_typesupport_introspection_c
[0.806s] -- Using all available rosidl_typesupport_cpp: rosidl_typesupport_fastrtps_cpp;rosidl_typesupport_introspection_cpp
[0.871s] -- Found rmw_implementation_cmake: 6.1.1 (/opt/ros/humble/share/rmw_implementation_cmake/cmake)
[0.873s] -- Found rmw_fastrtps_cpp: 6.2.6 (/opt/ros/humble/share/rmw_fastrtps_cpp/cmake)
[1.000s] -- Found OpenSSL: /usr/lib/x86_64-linux-gnu/libcrypto.so (found version "3.0.2")  
[1.044s] -- Found FastRTPS: /opt/ros/humble/include  
[1.090s] -- Using RMW implementation 'rmw_fastrtps_cpp' as default
[1.108s] -- Looking for pthread.h
[1.200s] -- Looking for pthread.h - found
[1.201s] -- Performing Test CMAKE_HAVE_LIBC_PTHREAD
[1.271s] -- Performing Test CMAKE_HAVE_LIBC_PTHREAD - Success
[1.272s] -- Found Threads: TRUE  
[1.424s] -- Found rclpy: 3.3.12 (/opt/ros/humble/share/rclpy/cmake)
[1.433s] [31mCMake Error at CMakeLists.txt:17 (find_package):
[1.433s]   By not providing "Findstd_msgd.cmake" in CMAKE_MODULE_PATH this project has
[1.433s]   asked CMake to find a package configuration file provided by "std_msgd",
[1.433s]   but CMake did not find one.
[1.433s] 
[1.433s]   Could not find a package configuration file provided by "std_msgd" with any
[1.433s]   of the following names:
[1.433s] 
[1.434s]     std_msgdConfig.cmake
[1.434s]     std_msgd-config.cmake
[1.434s] 
[1.434s]   Add the installation prefix of "std_msgd" to CMAKE_PREFIX_PATH or set
[1.434s]   "std_msgd_DIR" to a directory containing one of the above files.  If
[1.434s]   "std_msgd" provides a separate development package or SDK, be sure it has
[1.434s]   been installed.
[1.434s] 
[1.434s] [0m
[1.434s] -- Configuring incomplete, errors occurred!
[1.435s] See also "/home/lemar/ros2_ws/build/introtask/CMakeFiles/CMakeOutput.log".
[1.445s] Invoked command in '/home/lemar/ros2_ws/build/introtask' returned '1': CMAKE_PREFIX_PATH=${CMAKE_PREFIX_PATH}:/home/lemar/ros2_ws/install/python_parameters:/home/lemar/ros2_ws/install/py_srvcli:/home/lemar/ros2_ws/install/py_pubsub:/opt/ros/humble /usr/bin/cmake /home/lemar/ros2_ws/src/introtask -DCMAKE_INSTALL_PREFIX=/home/lemar/ros2_ws/install/introtask
