[0.012s] Invoking command in '/home/lemar/ros2_ws/build/cpp_parameters': CMAKE_PREFIX_PATH=${CMAKE_PREFIX_PATH}:/home/lemar/ros2_ws/install/py_srvcli:/home/lemar/ros2_ws/install/py_pubsub:/opt/ros/humble /usr/bin/cmake /home/lemar/ros2_ws/src/cpp_parameters -DCMAKE_INSTALL_PREFIX=/home/lemar/ros2_ws/install/cpp_parameters
[0.070s] -- The C compiler identification is GNU 11.4.0
[0.157s] -- The CXX compiler identification is GNU 11.4.0
[0.170s] -- Detecting C compiler ABI info
[0.273s] -- Detecting C compiler ABI info - done
[0.291s] -- Check for working C compiler: /usr/bin/cc - skipped
[0.291s] -- Detecting C compile features
[0.292s] -- Detecting C compile features - done
[0.299s] -- Detecting CXX compiler ABI info
[0.414s] -- Detecting CXX compiler ABI info - done
[0.442s] -- Check for working CXX compiler: /usr/bin/c++ - skipped
[0.443s] -- Detecting CXX compile features
[0.444s] -- Detecting CXX compile features - done
[0.452s] -- Found ament_cmake: 1.3.8 (/opt/ros/humble/share/ament_cmake/cmake)
[0.625s] -- Found Python3: /usr/bin/python3 (found version "3.10.12") found components: Interpreter 
[0.737s] -- Found rclcpp: 16.0.8 (/opt/ros/humble/share/rclcpp/cmake)
[0.785s] -- Found rosidl_generator_c: 3.1.5 (/opt/ros/humble/share/rosidl_generator_c/cmake)
[0.790s] -- Found rosidl_adapter: 3.1.5 (/opt/ros/humble/share/rosidl_adapter/cmake)
[0.797s] -- Found rosidl_generator_cpp: 3.1.5 (/opt/ros/humble/share/rosidl_generator_cpp/cmake)
[0.809s] -- Using all available rosidl_typesupport_c: rosidl_typesupport_fastrtps_c;rosidl_typesupport_introspection_c
[0.827s] -- Using all available rosidl_typesupport_cpp: rosidl_typesupport_fastrtps_cpp;rosidl_typesupport_introspection_cpp
[0.888s] -- Found rmw_implementation_cmake: 6.1.1 (/opt/ros/humble/share/rmw_implementation_cmake/cmake)
[0.890s] -- Found rmw_fastrtps_cpp: 6.2.6 (/opt/ros/humble/share/rmw_fastrtps_cpp/cmake)
[0.997s] -- Found OpenSSL: /usr/lib/x86_64-linux-gnu/libcrypto.so (found version "3.0.2")  
[1.021s] -- Found FastRTPS: /opt/ros/humble/include  
[1.063s] -- Using RMW implementation 'rmw_fastrtps_cpp' as default
[1.072s] -- Looking for pthread.h
[1.158s] -- Looking for pthread.h - found
[1.158s] -- Performing Test CMAKE_HAVE_LIBC_PTHREAD
[1.224s] -- Performing Test CMAKE_HAVE_LIBC_PTHREAD - Success
[1.226s] -- Found Threads: TRUE  
[1.417s] -- Found ament_lint_auto: 0.12.10 (/opt/ros/humble/share/ament_lint_auto/cmake)
[1.497s] -- Added test 'cppcheck' to perform static code analysis on C / C++ code
[1.497s] -- Configured cppcheck include dirs: 
[1.497s] -- Configured cppcheck exclude dirs and/or files: 
[1.498s] -- Added test 'lint_cmake' to check CMake code style
[1.498s] -- Added test 'uncrustify' to check C / C++ code style
[1.499s] -- Configured uncrustify additional arguments: 
[1.499s] -- Added test 'xmllint' to check XML markup files
[1.500s] -- Configuring done
[1.507s] -- Generating done
[1.507s] -- Build files have been written to: /home/lemar/ros2_ws/build/cpp_parameters
[1.516s] Invoked command in '/home/lemar/ros2_ws/build/cpp_parameters' returned '0': CMAKE_PREFIX_PATH=${CMAKE_PREFIX_PATH}:/home/lemar/ros2_ws/install/py_srvcli:/home/lemar/ros2_ws/install/py_pubsub:/opt/ros/humble /usr/bin/cmake /home/lemar/ros2_ws/src/cpp_parameters -DCMAKE_INSTALL_PREFIX=/home/lemar/ros2_ws/install/cpp_parameters
[1.519s] Invoking command in '/home/lemar/ros2_ws/build/cpp_parameters': CMAKE_PREFIX_PATH=${CMAKE_PREFIX_PATH}:/home/lemar/ros2_ws/install/py_srvcli:/home/lemar/ros2_ws/install/py_pubsub:/opt/ros/humble /usr/bin/cmake --build /home/lemar/ros2_ws/build/cpp_parameters -- -j12 -l12
[1.564s] [ 50%] [32mBuilding CXX object CMakeFiles/minimal_param_node.dir/src/cpp_parameters_node.cpp.o[0m
[4.024s] [100%] [32m[1mLinking CXX executable minimal_param_node[0m
[4.180s] [100%] Built target minimal_param_node
[4.197s] Invoked command in '/home/lemar/ros2_ws/build/cpp_parameters' returned '0': CMAKE_PREFIX_PATH=${CMAKE_PREFIX_PATH}:/home/lemar/ros2_ws/install/py_srvcli:/home/lemar/ros2_ws/install/py_pubsub:/opt/ros/humble /usr/bin/cmake --build /home/lemar/ros2_ws/build/cpp_parameters -- -j12 -l12
[4.244s] Invoking command in '/home/lemar/ros2_ws/build/cpp_parameters': CMAKE_PREFIX_PATH=${CMAKE_PREFIX_PATH}:/home/lemar/ros2_ws/install/py_srvcli:/home/lemar/ros2_ws/install/py_pubsub:/opt/ros/humble /usr/bin/cmake --install /home/lemar/ros2_ws/build/cpp_parameters
[4.255s] -- Install configuration: ""
[4.255s] -- Installing: /home/lemar/ros2_ws/install/cpp_parameters/lib/cpp_parameters/minimal_param_node
[4.256s] -- Set runtime path of "/home/lemar/ros2_ws/install/cpp_parameters/lib/cpp_parameters/minimal_param_node" to ""
[4.256s] -- Installing: /home/lemar/ros2_ws/install/cpp_parameters/share/ament_index/resource_index/package_run_dependencies/cpp_parameters
[4.256s] -- Installing: /home/lemar/ros2_ws/install/cpp_parameters/share/ament_index/resource_index/parent_prefix_path/cpp_parameters
[4.257s] -- Installing: /home/lemar/ros2_ws/install/cpp_parameters/share/cpp_parameters/environment/ament_prefix_path.sh
[4.257s] -- Installing: /home/lemar/ros2_ws/install/cpp_parameters/share/cpp_parameters/environment/ament_prefix_path.dsv
[4.257s] -- Installing: /home/lemar/ros2_ws/install/cpp_parameters/share/cpp_parameters/environment/path.sh
[4.258s] -- Installing: /home/lemar/ros2_ws/install/cpp_parameters/share/cpp_parameters/environment/path.dsv
[4.258s] -- Installing: /home/lemar/ros2_ws/install/cpp_parameters/share/cpp_parameters/local_setup.bash
[4.258s] -- Installing: /home/lemar/ros2_ws/install/cpp_parameters/share/cpp_parameters/local_setup.sh
[4.258s] -- Installing: /home/lemar/ros2_ws/install/cpp_parameters/share/cpp_parameters/local_setup.zsh
[4.258s] -- Installing: /home/lemar/ros2_ws/install/cpp_parameters/share/cpp_parameters/local_setup.dsv
[4.258s] -- Installing: /home/lemar/ros2_ws/install/cpp_parameters/share/cpp_parameters/package.dsv
[4.258s] -- Installing: /home/lemar/ros2_ws/install/cpp_parameters/share/ament_index/resource_index/packages/cpp_parameters
[4.259s] -- Installing: /home/lemar/ros2_ws/install/cpp_parameters/share/cpp_parameters/cmake/cpp_parametersConfig.cmake
[4.259s] -- Installing: /home/lemar/ros2_ws/install/cpp_parameters/share/cpp_parameters/cmake/cpp_parametersConfig-version.cmake
[4.259s] -- Installing: /home/lemar/ros2_ws/install/cpp_parameters/share/cpp_parameters/package.xml
[4.262s] Invoked command in '/home/lemar/ros2_ws/build/cpp_parameters' returned '0': CMAKE_PREFIX_PATH=${CMAKE_PREFIX_PATH}:/home/lemar/ros2_ws/install/py_srvcli:/home/lemar/ros2_ws/install/py_pubsub:/opt/ros/humble /usr/bin/cmake --install /home/lemar/ros2_ws/build/cpp_parameters
