[0.014s] Invoking command in '/home/lemar/ros2_ws/build/introtask': CMAKE_PREFIX_PATH=${CMAKE_PREFIX_PATH}:/home/lemar/ros2_ws/install/python_parameters:/home/lemar/ros2_ws/install/py_srvcli:/home/lemar/ros2_ws/install/py_pubsub:/opt/ros/humble /usr/bin/cmake /home/lemar/ros2_ws/src/introtask -DCMAKE_INSTALL_PREFIX=/home/lemar/ros2_ws/install/introtask
[0.024s] -- Found ament_cmake: 1.3.8 (/opt/ros/humble/share/ament_cmake/cmake)
[0.190s] -- Found rclcpp: 16.0.8 (/opt/ros/humble/share/rclcpp/cmake)
[0.254s] -- Found rosidl_generator_c: 3.1.5 (/opt/ros/humble/share/rosidl_generator_c/cmake)
[0.256s] -- Found rosidl_adapter: 3.1.5 (/opt/ros/humble/share/rosidl_adapter/cmake)
[0.261s] -- Found rosidl_generator_cpp: 3.1.5 (/opt/ros/humble/share/rosidl_generator_cpp/cmake)
[0.270s] -- Using all available rosidl_typesupport_c: rosidl_typesupport_fastrtps_c;rosidl_typesupport_introspection_c
[0.284s] -- Using all available rosidl_typesupport_cpp: rosidl_typesupport_fastrtps_cpp;rosidl_typesupport_introspection_cpp
[0.335s] -- Found rmw_implementation_cmake: 6.1.1 (/opt/ros/humble/share/rmw_implementation_cmake/cmake)
[0.337s] -- Found rmw_fastrtps_cpp: 6.2.6 (/opt/ros/humble/share/rmw_fastrtps_cpp/cmake)
[0.465s] -- Using RMW implementation 'rmw_fastrtps_cpp' as default
[0.608s] -- Found rclpy: 3.3.12 (/opt/ros/humble/share/rclpy/cmake)
[0.762s] -- Configuring done
[0.781s] -- Generating done
[0.784s] -- Build files have been written to: /home/lemar/ros2_ws/build/introtask
[0.798s] Invoked command in '/home/lemar/ros2_ws/build/introtask' returned '0': CMAKE_PREFIX_PATH=${CMAKE_PREFIX_PATH}:/home/lemar/ros2_ws/install/python_parameters:/home/lemar/ros2_ws/install/py_srvcli:/home/lemar/ros2_ws/install/py_pubsub:/opt/ros/humble /usr/bin/cmake /home/lemar/ros2_ws/src/introtask -DCMAKE_INSTALL_PREFIX=/home/lemar/ros2_ws/install/introtask
[0.803s] Invoking command in '/home/lemar/ros2_ws/build/introtask': CMAKE_PREFIX_PATH=${CMAKE_PREFIX_PATH}:/home/lemar/ros2_ws/install/python_parameters:/home/lemar/ros2_ws/install/py_srvcli:/home/lemar/ros2_ws/install/py_pubsub:/opt/ros/humble /usr/bin/cmake --build /home/lemar/ros2_ws/build/introtask -- -j12 -l12
[0.870s] [  0%] Built target ament_cmake_python_copy_introtask
[0.872s] [ 50%] [32mBuilding CXX object CMakeFiles/talker.dir/src/cpppub_node.cpp.o[0m
[1.082s] running egg_info
[1.082s] creating introtask.egg-info
[1.083s] writing introtask.egg-info/PKG-INFO
[1.083s] writing dependency_links to introtask.egg-info/dependency_links.txt
[1.083s] writing top-level names to introtask.egg-info/top_level.txt
[1.083s] writing manifest file 'introtask.egg-info/SOURCES.txt'
[1.085s] reading manifest file 'introtask.egg-info/SOURCES.txt'
[1.085s] writing manifest file 'introtask.egg-info/SOURCES.txt'
[1.117s] [ 50%] Built target ament_cmake_python_build_introtask_egg
[4.194s] [100%] [32m[1mLinking CXX executable talker[0m
[4.378s] [100%] Built target talker
[4.394s] Invoked command in '/home/lemar/ros2_ws/build/introtask' returned '0': CMAKE_PREFIX_PATH=${CMAKE_PREFIX_PATH}:/home/lemar/ros2_ws/install/python_parameters:/home/lemar/ros2_ws/install/py_srvcli:/home/lemar/ros2_ws/install/py_pubsub:/opt/ros/humble /usr/bin/cmake --build /home/lemar/ros2_ws/build/introtask -- -j12 -l12
[4.425s] Invoking command in '/home/lemar/ros2_ws/build/introtask': CMAKE_PREFIX_PATH=${CMAKE_PREFIX_PATH}:/home/lemar/ros2_ws/install/python_parameters:/home/lemar/ros2_ws/install/py_srvcli:/home/lemar/ros2_ws/install/py_pubsub:/opt/ros/humble /usr/bin/cmake --install /home/lemar/ros2_ws/build/introtask
[4.436s] -- Install configuration: ""
[4.437s] -- Installing: /home/lemar/ros2_ws/install/introtask/share/introtask/environment/pythonpath.sh
[4.437s] -- Installing: /home/lemar/ros2_ws/install/introtask/share/introtask/environment/pythonpath.dsv
[4.437s] -- Installing: /home/lemar/ros2_ws/install/introtask/local/lib/python3.10/dist-packages/introtask-0.0.0-py3.10.egg-info
[4.437s] -- Installing: /home/lemar/ros2_ws/install/introtask/local/lib/python3.10/dist-packages/introtask-0.0.0-py3.10.egg-info/PKG-INFO
[4.437s] -- Installing: /home/lemar/ros2_ws/install/introtask/local/lib/python3.10/dist-packages/introtask-0.0.0-py3.10.egg-info/top_level.txt
[4.438s] -- Installing: /home/lemar/ros2_ws/install/introtask/local/lib/python3.10/dist-packages/introtask-0.0.0-py3.10.egg-info/dependency_links.txt
[4.438s] -- Installing: /home/lemar/ros2_ws/install/introtask/local/lib/python3.10/dist-packages/introtask-0.0.0-py3.10.egg-info/SOURCES.txt
[4.438s] -- Installing: /home/lemar/ros2_ws/install/introtask/local/lib/python3.10/dist-packages/introtask
[4.438s] -- Installing: /home/lemar/ros2_ws/install/introtask/local/lib/python3.10/dist-packages/introtask/__init__.py
[4.438s] -- Installing: /home/lemar/ros2_ws/install/introtask/local/lib/python3.10/dist-packages/introtask/module.py
[4.465s] Listing '/home/lemar/ros2_ws/install/introtask/local/lib/python3.10/dist-packages/introtask'...
[4.465s] Compiling '/home/lemar/ros2_ws/install/introtask/local/lib/python3.10/dist-packages/introtask/__init__.py'...
[4.465s] Compiling '/home/lemar/ros2_ws/install/introtask/local/lib/python3.10/dist-packages/introtask/module.py'...
[4.469s] -- Installing: /home/lemar/ros2_ws/install/introtask/lib/introtask/talker
[4.471s] -- Set runtime path of "/home/lemar/ros2_ws/install/introtask/lib/introtask/talker" to ""
[4.471s] -- Installing: /home/lemar/ros2_ws/install/introtask/lib/introtask/pysub_node.py
[4.471s] -- Installing: /home/lemar/ros2_ws/install/introtask/share/ament_index/resource_index/package_run_dependencies/introtask
[4.471s] -- Installing: /home/lemar/ros2_ws/install/introtask/share/ament_index/resource_index/parent_prefix_path/introtask
[4.471s] -- Installing: /home/lemar/ros2_ws/install/introtask/share/introtask/environment/ament_prefix_path.sh
[4.472s] -- Installing: /home/lemar/ros2_ws/install/introtask/share/introtask/environment/ament_prefix_path.dsv
[4.472s] -- Installing: /home/lemar/ros2_ws/install/introtask/share/introtask/environment/path.sh
[4.472s] -- Installing: /home/lemar/ros2_ws/install/introtask/share/introtask/environment/path.dsv
[4.472s] -- Installing: /home/lemar/ros2_ws/install/introtask/share/introtask/local_setup.bash
[4.472s] -- Installing: /home/lemar/ros2_ws/install/introtask/share/introtask/local_setup.sh
[4.472s] -- Installing: /home/lemar/ros2_ws/install/introtask/share/introtask/local_setup.zsh
[4.473s] -- Installing: /home/lemar/ros2_ws/install/introtask/share/introtask/local_setup.dsv
[4.473s] -- Installing: /home/lemar/ros2_ws/install/introtask/share/introtask/package.dsv
[4.473s] -- Installing: /home/lemar/ros2_ws/install/introtask/share/ament_index/resource_index/packages/introtask
[4.473s] -- Installing: /home/lemar/ros2_ws/install/introtask/share/introtask/cmake/introtaskConfig.cmake
[4.473s] -- Installing: /home/lemar/ros2_ws/install/introtask/share/introtask/cmake/introtaskConfig-version.cmake
[4.473s] -- Installing: /home/lemar/ros2_ws/install/introtask/share/introtask/package.xml
[4.476s] Invoked command in '/home/lemar/ros2_ws/build/introtask' returned '0': CMAKE_PREFIX_PATH=${CMAKE_PREFIX_PATH}:/home/lemar/ros2_ws/install/python_parameters:/home/lemar/ros2_ws/install/py_srvcli:/home/lemar/ros2_ws/install/py_pubsub:/opt/ros/humble /usr/bin/cmake --install /home/lemar/ros2_ws/build/introtask
