running egg_info
writing ../../build/intropytask/intropytask.egg-info/PKG-INFO
writing dependency_links to ../../build/intropytask/intropytask.egg-info/dependency_links.txt
writing entry points to ../../build/intropytask/intropytask.egg-info/entry_points.txt
writing requirements to ../../build/intropytask/intropytask.egg-info/requires.txt
writing top-level names to ../../build/intropytask/intropytask.egg-info/top_level.txt
reading manifest file '../../build/intropytask/intropytask.egg-info/SOURCES.txt'
adding license file 'LICENSE'
writing manifest file '../../build/intropytask/intropytask.egg-info/SOURCES.txt'
running build
running build_py
copying intropytask/pysub_node.py -> /home/lemar/ros2_ws/build/intropytask/build/lib/intropytask
running install
running install_lib
copying /home/lemar/ros2_ws/build/intropytask/build/lib/intropytask/pysub_node.py -> /home/lemar/ros2_ws/install/intropytask/lib/python3.10/site-packages/intropytask
byte-compiling /home/lemar/ros2_ws/install/intropytask/lib/python3.10/site-packages/intropytask/pysub_node.py to pysub_node.cpython-310.pyc
running install_data
running install_egg_info
removing '/home/lemar/ros2_ws/install/intropytask/lib/python3.10/site-packages/intropytask-0.0.0-py3.10.egg-info' (and everything under it)
Copying ../../build/intropytask/intropytask.egg-info to /home/lemar/ros2_ws/install/intropytask/lib/python3.10/site-packages/intropytask-0.0.0-py3.10.egg-info
running install_scripts
Installing listener script to /home/lemar/ros2_ws/install/intropytask/lib/intropytask
writing list of installed files to '/home/lemar/ros2_ws/build/intropytask/install.log'
