[0.668s] Invoking command in '/home/lemar/ros2_ws/src/intropytask': PYTHONPATH=/home/lemar/ros2_ws/build/intropytask/prefix_override:/home/lemar/ros2_ws/install/intropytask/lib/python3.10/site-packages:${PYTHONPATH} /usr/bin/python3 -W ignore:setup.py install is deprecated setup.py egg_info --egg-base ../../build/intropytask build --build-base /home/lemar/ros2_ws/build/intropytask/build install --record /home/lemar/ros2_ws/build/intropytask/install.log --single-version-externally-managed install_data
[0.901s] running egg_info
[0.902s] writing ../../build/intropytask/intropytask.egg-info/PKG-INFO
[0.902s] writing dependency_links to ../../build/intropytask/intropytask.egg-info/dependency_links.txt
[0.902s] writing entry points to ../../build/intropytask/intropytask.egg-info/entry_points.txt
[0.903s] writing requirements to ../../build/intropytask/intropytask.egg-info/requires.txt
[0.903s] writing top-level names to ../../build/intropytask/intropytask.egg-info/top_level.txt
[0.904s] reading manifest file '../../build/intropytask/intropytask.egg-info/SOURCES.txt'
[0.904s] adding license file 'LICENSE'
[0.905s] writing manifest file '../../build/intropytask/intropytask.egg-info/SOURCES.txt'
[0.905s] running build
[0.905s] running build_py
[0.906s] copying intropytask/pysub_node.py -> /home/lemar/ros2_ws/build/intropytask/build/lib/intropytask
[0.906s] running install
[0.907s] running install_lib
[0.907s] copying /home/lemar/ros2_ws/build/intropytask/build/lib/intropytask/pysub_node.py -> /home/lemar/ros2_ws/install/intropytask/lib/python3.10/site-packages/intropytask
[0.908s] byte-compiling /home/lemar/ros2_ws/install/intropytask/lib/python3.10/site-packages/intropytask/pysub_node.py to pysub_node.cpython-310.pyc
[0.908s] running install_data
[0.909s] running install_egg_info
[0.910s] removing '/home/lemar/ros2_ws/install/intropytask/lib/python3.10/site-packages/intropytask-0.0.0-py3.10.egg-info' (and everything under it)
[0.910s] Copying ../../build/intropytask/intropytask.egg-info to /home/lemar/ros2_ws/install/intropytask/lib/python3.10/site-packages/intropytask-0.0.0-py3.10.egg-info
[0.911s] running install_scripts
[0.930s] Installing listener script to /home/lemar/ros2_ws/install/intropytask/lib/intropytask
[0.930s] writing list of installed files to '/home/lemar/ros2_ws/build/intropytask/install.log'
[0.970s] Invoked command in '/home/lemar/ros2_ws/src/intropytask' returned '0': PYTHONPATH=/home/lemar/ros2_ws/build/intropytask/prefix_override:/home/lemar/ros2_ws/install/intropytask/lib/python3.10/site-packages:${PYTHONPATH} /usr/bin/python3 -W ignore:setup.py install is deprecated setup.py egg_info --egg-base ../../build/intropytask build --build-base /home/lemar/ros2_ws/build/intropytask/build install --record /home/lemar/ros2_ws/build/intropytask/install.log --single-version-externally-managed install_data
