[0.691s] Invoking command in '/home/lemar/ros2_ws/src/intropytask': PYTHONPATH=/home/lemar/ros2_ws/build/intropytask/prefix_override:/home/lemar/ros2_ws/install/intropytask/lib/python3.10/site-packages:${PYTHONPATH} /usr/bin/python3 -W ignore:setup.py install is deprecated setup.py egg_info --egg-base ../../build/intropytask build --build-base /home/lemar/ros2_ws/build/intropytask/build install --record /home/lemar/ros2_ws/build/intropytask/install.log --single-version-externally-managed install_data
[0.930s] running egg_info
[0.931s] writing ../../build/intropytask/intropytask.egg-info/PKG-INFO
[0.931s] writing dependency_links to ../../build/intropytask/intropytask.egg-info/dependency_links.txt
[0.931s] writing entry points to ../../build/intropytask/intropytask.egg-info/entry_points.txt
[0.931s] writing requirements to ../../build/intropytask/intropytask.egg-info/requires.txt
[0.932s] writing top-level names to ../../build/intropytask/intropytask.egg-info/top_level.txt
[0.933s] reading manifest file '../../build/intropytask/intropytask.egg-info/SOURCES.txt'
[0.933s] adding license file 'LICENSE'
[0.933s] writing manifest file '../../build/intropytask/intropytask.egg-info/SOURCES.txt'
[0.934s] running build
[0.934s] running build_py
[0.935s] running install
[0.936s] running install_lib
[0.937s] running install_data
[0.937s] running install_egg_info
[0.938s] removing '/home/lemar/ros2_ws/install/intropytask/lib/python3.10/site-packages/intropytask-0.0.0-py3.10.egg-info' (and everything under it)
[0.939s] Copying ../../build/intropytask/intropytask.egg-info to /home/lemar/ros2_ws/install/intropytask/lib/python3.10/site-packages/intropytask-0.0.0-py3.10.egg-info
[0.939s] running install_scripts
[0.959s] Installing listener script to /home/lemar/ros2_ws/install/intropytask/lib/intropytask
[0.959s] writing list of installed files to '/home/lemar/ros2_ws/build/intropytask/install.log'
[1.008s] Invoked command in '/home/lemar/ros2_ws/src/intropytask' returned '0': PYTHONPATH=/home/lemar/ros2_ws/build/intropytask/prefix_override:/home/lemar/ros2_ws/install/intropytask/lib/python3.10/site-packages:${PYTHONPATH} /usr/bin/python3 -W ignore:setup.py install is deprecated setup.py egg_info --egg-base ../../build/intropytask build --build-base /home/lemar/ros2_ws/build/intropytask/build install --record /home/lemar/ros2_ws/build/intropytask/install.log --single-version-externally-managed install_data
