-- Found ament_cmake: 1.3.8 (/opt/ros/humble/share/ament_cmake/cmake)
-- Found rclcpp: 16.0.8 (/opt/ros/humble/share/rclcpp/cmake)
-- Found rosidl_generator_c: 3.1.5 (/opt/ros/humble/share/rosidl_generator_c/cmake)
-- Found rosidl_adapter: 3.1.5 (/opt/ros/humble/share/rosidl_adapter/cmake)
-- Found rosidl_generator_cpp: 3.1.5 (/opt/ros/humble/share/rosidl_generator_cpp/cmake)
-- Using all available rosidl_typesupport_c: rosidl_typesupport_fastrtps_c;rosidl_typesupport_introspection_c
-- Using all available rosidl_typesupport_cpp: rosidl_typesupport_fastrtps_cpp;rosidl_typesupport_introspection_cpp
-- Found rmw_implementation_cmake: 6.1.1 (/opt/ros/humble/share/rmw_implementation_cmake/cmake)
-- Found rmw_fastrtps_cpp: 6.2.6 (/opt/ros/humble/share/rmw_fastrtps_cpp/cmake)
-- Using RMW implementation 'rmw_fastrtps_cpp' as default
-- Configuring done
-- Generating done
-- Build files have been written to: /home/lemar/ros2_ws/build/introtask
[35m[1mConsolidate compiler generated dependencies of target talker[0m
[100%] Built target talker
-- Install configuration: ""
-- Up-to-date: /home/lemar/ros2_ws/install/introtask/lib/introtask/talker
-- Up-to-date: /home/lemar/ros2_ws/install/introtask/share/ament_index/resource_index/package_run_dependencies/introtask
-- Up-to-date: /home/lemar/ros2_ws/install/introtask/share/ament_index/resource_index/parent_prefix_path/introtask
-- Up-to-date: /home/lemar/ros2_ws/install/introtask/share/introtask/environment/ament_prefix_path.sh
-- Installing: /home/lemar/ros2_ws/install/introtask/share/introtask/environment/ament_prefix_path.dsv
-- Up-to-date: /home/lemar/ros2_ws/install/introtask/share/introtask/environment/path.sh
-- Installing: /home/lemar/ros2_ws/install/introtask/share/introtask/environment/path.dsv
-- Up-to-date: /home/lemar/ros2_ws/install/introtask/share/introtask/local_setup.bash
-- Installing: /home/lemar/ros2_ws/install/introtask/share/introtask/local_setup.sh
-- Up-to-date: /home/lemar/ros2_ws/install/introtask/share/introtask/local_setup.zsh
-- Installing: /home/lemar/ros2_ws/install/introtask/share/introtask/local_setup.dsv
-- Installing: /home/lemar/ros2_ws/install/introtask/share/introtask/package.dsv
-- Up-to-date: /home/lemar/ros2_ws/install/introtask/share/ament_index/resource_index/packages/introtask
-- Up-to-date: /home/lemar/ros2_ws/install/introtask/share/introtask/cmake/introtaskConfig.cmake
-- Up-to-date: /home/lemar/ros2_ws/install/introtask/share/introtask/cmake/introtaskConfig-version.cmake
-- Up-to-date: /home/lemar/ros2_ws/install/introtask/share/introtask/package.xml
