[0.015s] Invoking command in '/home/lemar/ros2_ws/build/introtask': CMAKE_PREFIX_PATH=${CMAKE_PREFIX_PATH}:/home/lemar/ros2_ws/install/python_parameters:/home/lemar/ros2_ws/install/py_srvcli:/home/lemar/ros2_ws/install/py_pubsub:/opt/ros/humble /usr/bin/cmake --build /home/lemar/ros2_ws/build/introtask -- -j12 -l12
[0.051s] -- Found ament_cmake: 1.3.8 (/opt/ros/humble/share/ament_cmake/cmake)
[0.181s] -- Found rclcpp: 16.0.8 (/opt/ros/humble/share/rclcpp/cmake)
[0.245s] -- Found rosidl_generator_c: 3.1.5 (/opt/ros/humble/share/rosidl_generator_c/cmake)
[0.247s] -- Found rosidl_adapter: 3.1.5 (/opt/ros/humble/share/rosidl_adapter/cmake)
[0.253s] -- Found rosidl_generator_cpp: 3.1.5 (/opt/ros/humble/share/rosidl_generator_cpp/cmake)
[0.264s] -- Using all available rosidl_typesupport_c: rosidl_typesupport_fastrtps_c;rosidl_typesupport_introspection_c
[0.278s] -- Using all available rosidl_typesupport_cpp: rosidl_typesupport_fastrtps_cpp;rosidl_typesupport_introspection_cpp
[0.329s] -- Found rmw_implementation_cmake: 6.1.1 (/opt/ros/humble/share/rmw_implementation_cmake/cmake)
[0.330s] -- Found rmw_fastrtps_cpp: 6.2.6 (/opt/ros/humble/share/rmw_fastrtps_cpp/cmake)
[0.448s] -- Using RMW implementation 'rmw_fastrtps_cpp' as default
[0.680s] -- Configuring done
[0.689s] -- Generating done
[0.690s] -- Build files have been written to: /home/lemar/ros2_ws/build/introtask
[0.717s] [35m[1mConsolidate compiler generated dependencies of target talker[0m
[0.737s] [100%] Built target talker
[0.751s] Invoked command in '/home/lemar/ros2_ws/build/introtask' returned '0': CMAKE_PREFIX_PATH=${CMAKE_PREFIX_PATH}:/home/lemar/ros2_ws/install/python_parameters:/home/lemar/ros2_ws/install/py_srvcli:/home/lemar/ros2_ws/install/py_pubsub:/opt/ros/humble /usr/bin/cmake --build /home/lemar/ros2_ws/build/introtask -- -j12 -l12
[0.793s] Invoking command in '/home/lemar/ros2_ws/build/introtask': CMAKE_PREFIX_PATH=${CMAKE_PREFIX_PATH}:/home/lemar/ros2_ws/install/python_parameters:/home/lemar/ros2_ws/install/py_srvcli:/home/lemar/ros2_ws/install/py_pubsub:/opt/ros/humble /usr/bin/cmake --install /home/lemar/ros2_ws/build/introtask
[0.800s] -- Install configuration: ""
[0.800s] -- Up-to-date: /home/lemar/ros2_ws/install/introtask/lib/introtask/talker
[0.800s] -- Up-to-date: /home/lemar/ros2_ws/install/introtask/share/ament_index/resource_index/package_run_dependencies/introtask
[0.801s] -- Up-to-date: /home/lemar/ros2_ws/install/introtask/share/ament_index/resource_index/parent_prefix_path/introtask
[0.801s] -- Up-to-date: /home/lemar/ros2_ws/install/introtask/share/introtask/environment/ament_prefix_path.sh
[0.801s] -- Installing: /home/lemar/ros2_ws/install/introtask/share/introtask/environment/ament_prefix_path.dsv
[0.801s] -- Up-to-date: /home/lemar/ros2_ws/install/introtask/share/introtask/environment/path.sh
[0.801s] -- Installing: /home/lemar/ros2_ws/install/introtask/share/introtask/environment/path.dsv
[0.801s] -- Up-to-date: /home/lemar/ros2_ws/install/introtask/share/introtask/local_setup.bash
[0.802s] -- Installing: /home/lemar/ros2_ws/install/introtask/share/introtask/local_setup.sh
[0.802s] -- Up-to-date: /home/lemar/ros2_ws/install/introtask/share/introtask/local_setup.zsh
[0.802s] -- Installing: /home/lemar/ros2_ws/install/introtask/share/introtask/local_setup.dsv
[0.802s] -- Installing: /home/lemar/ros2_ws/install/introtask/share/introtask/package.dsv
[0.802s] -- Up-to-date: /home/lemar/ros2_ws/install/introtask/share/ament_index/resource_index/packages/introtask
[0.803s] -- Up-to-date: /home/lemar/ros2_ws/install/introtask/share/introtask/cmake/introtaskConfig.cmake
[0.803s] -- Up-to-date: /home/lemar/ros2_ws/install/introtask/share/introtask/cmake/introtaskConfig-version.cmake
[0.803s] -- Up-to-date: /home/lemar/ros2_ws/install/introtask/share/introtask/package.xml
[0.804s] Invoked command in '/home/lemar/ros2_ws/build/introtask' returned '0': CMAKE_PREFIX_PATH=${CMAKE_PREFIX_PATH}:/home/lemar/ros2_ws/install/python_parameters:/home/lemar/ros2_ws/install/py_srvcli:/home/lemar/ros2_ws/install/py_pubsub:/opt/ros/humble /usr/bin/cmake --install /home/lemar/ros2_ws/build/introtask
