running egg_info
creating ../../build/intropytask/intropytask.egg-info
writing ../../build/intropytask/intropytask.egg-info/PKG-INFO
writing dependency_links to ../../build/intropytask/intropytask.egg-info/dependency_links.txt
writing entry points to ../../build/intropytask/intropytask.egg-info/entry_points.txt
writing requirements to ../../build/intropytask/intropytask.egg-info/requires.txt
writing top-level names to ../../build/intropytask/intropytask.egg-info/top_level.txt
writing manifest file '../../build/intropytask/intropytask.egg-info/SOURCES.txt'
reading manifest file '../../build/intropytask/intropytask.egg-info/SOURCES.txt'
adding license file 'LICENSE'
writing manifest file '../../build/intropytask/intropytask.egg-info/SOURCES.txt'
running build
running build_py
creating /home/lemar/ros2_ws/build/intropytask/build
creating /home/lemar/ros2_ws/build/intropytask/build/lib
creating /home/lemar/ros2_ws/build/intropytask/build/lib/intropytask
copying intropytask/__init__.py -> /home/lemar/ros2_ws/build/intropytask/build/lib/intropytask
copying intropytask/pysub_node.py -> /home/lemar/ros2_ws/build/intropytask/build/lib/intropytask
running install
running install_lib
creating /home/lemar/ros2_ws/install/intropytask/lib/python3.10/site-packages/intropytask
copying /home/lemar/ros2_ws/build/intropytask/build/lib/intropytask/__init__.py -> /home/lemar/ros2_ws/install/intropytask/lib/python3.10/site-packages/intropytask
copying /home/lemar/ros2_ws/build/intropytask/build/lib/intropytask/pysub_node.py -> /home/lemar/ros2_ws/install/intropytask/lib/python3.10/site-packages/intropytask
byte-compiling /home/lemar/ros2_ws/install/intropytask/lib/python3.10/site-packages/intropytask/__init__.py to __init__.cpython-310.pyc
byte-compiling /home/lemar/ros2_ws/install/intropytask/lib/python3.10/site-packages/intropytask/pysub_node.py to pysub_node.cpython-310.pyc
running install_data
creating /home/lemar/ros2_ws/install/intropytask/share
creating /home/lemar/ros2_ws/install/intropytask/share/ament_index
creating /home/lemar/ros2_ws/install/intropytask/share/ament_index/resource_index
creating /home/lemar/ros2_ws/install/intropytask/share/ament_index/resource_index/packages
copying resource/intropytask -> /home/lemar/ros2_ws/install/intropytask/share/ament_index/resource_index/packages
creating /home/lemar/ros2_ws/install/intropytask/share/intropytask
copying package.xml -> /home/lemar/ros2_ws/install/intropytask/share/intropytask
running install_egg_info
Copying ../../build/intropytask/intropytask.egg-info to /home/lemar/ros2_ws/install/intropytask/lib/python3.10/site-packages/intropytask-0.0.0-py3.10.egg-info
running install_scripts
Installing listener script to /home/lemar/ros2_ws/install/intropytask/lib/intropytask
writing list of installed files to '/home/lemar/ros2_ws/build/intropytask/install.log'
